mode: atomic
github.com/rubemlrm/go-api-bootstrap/cmd/app/main.go:19.13,22.16 2 0
github.com/rubemlrm/go-api-bootstrap/cmd/app/main.go:22.16,23.13 1 0
github.com/rubemlrm/go-api-bootstrap/cmd/app/main.go:26.2,27.16 2 0
github.com/rubemlrm/go-api-bootstrap/cmd/app/main.go:27.16,29.3 1 0
github.com/rubemlrm/go-api-bootstrap/cmd/app/main.go:30.2,30.15 1 0
github.com/rubemlrm/go-api-bootstrap/cmd/app/main.go:30.15,31.59 1 0
github.com/rubemlrm/go-api-bootstrap/cmd/app/main.go:31.59,33.4 1 0
github.com/rubemlrm/go-api-bootstrap/cmd/app/main.go:38.2,50.16 4 0
github.com/rubemlrm/go-api-bootstrap/cmd/app/main.go:50.16,51.13 1 0
github.com/rubemlrm/go-api-bootstrap/cmd/app/main.go:53.2,56.16 3 0
github.com/rubemlrm/go-api-bootstrap/cmd/app/main.go:56.16,57.13 1 0
github.com/rubemlrm/go-api-bootstrap/cmd/app/main.go:61.87,63.32 2 0
github.com/rubemlrm/go-api-bootstrap/cmd/app/main.go:63.32,68.3 2 0
github.com/rubemlrm/go-api-bootstrap/cmd/app/main.go:69.2,71.16 2 0
github.com/rubemlrm/go-api-bootstrap/cmd/app/main.go:71.16,73.3 1 0
github.com/rubemlrm/go-api-bootstrap/cmd/app/main.go:75.2,76.16 2 0
github.com/rubemlrm/go-api-bootstrap/cmd/app/main.go:76.16,78.3 1 0
github.com/rubemlrm/go-api-bootstrap/cmd/app/main.go:79.2,79.12 1 0
github.com/rubemlrm/go-api-bootstrap/internal/common/decorator/mocks/mock_CommandHandler.go:18.30,22.19 3 0
github.com/rubemlrm/go-api-bootstrap/internal/common/decorator/mocks/mock_CommandHandler.go:22.19,22.49 1 0
github.com/rubemlrm/go-api-bootstrap/internal/common/decorator/mocks/mock_CommandHandler.go:24.2,24.13 1 0
github.com/rubemlrm/go-api-bootstrap/internal/common/decorator/mocks/mock_CommandHandler.go:36.81,38.2 1 0
github.com/rubemlrm/go-api-bootstrap/internal/common/decorator/mocks/mock_CommandHandler.go:41.86,44.19 2 0
github.com/rubemlrm/go-api-bootstrap/internal/common/decorator/mocks/mock_CommandHandler.go:44.19,45.48 1 0
github.com/rubemlrm/go-api-bootstrap/internal/common/decorator/mocks/mock_CommandHandler.go:48.2,50.76 3 0
github.com/rubemlrm/go-api-bootstrap/internal/common/decorator/mocks/mock_CommandHandler.go:50.76,52.3 1 0
github.com/rubemlrm/go-api-bootstrap/internal/common/decorator/mocks/mock_CommandHandler.go:53.2,53.67 1 0
github.com/rubemlrm/go-api-bootstrap/internal/common/decorator/mocks/mock_CommandHandler.go:53.67,55.3 1 0
github.com/rubemlrm/go-api-bootstrap/internal/common/decorator/mocks/mock_CommandHandler.go:55.8,56.24 1 0
github.com/rubemlrm/go-api-bootstrap/internal/common/decorator/mocks/mock_CommandHandler.go:56.24,58.4 1 0
github.com/rubemlrm/go-api-bootstrap/internal/common/decorator/mocks/mock_CommandHandler.go:60.2,60.71 1 0
github.com/rubemlrm/go-api-bootstrap/internal/common/decorator/mocks/mock_CommandHandler.go:60.71,62.3 1 0
github.com/rubemlrm/go-api-bootstrap/internal/common/decorator/mocks/mock_CommandHandler.go:62.8,64.3 1 0
github.com/rubemlrm/go-api-bootstrap/internal/common/decorator/mocks/mock_CommandHandler.go:65.2,65.15 1 0
github.com/rubemlrm/go-api-bootstrap/internal/common/decorator/mocks/mock_CommandHandler.go:76.125,78.2 1 0
github.com/rubemlrm/go-api-bootstrap/internal/common/decorator/mocks/mock_CommandHandler.go:80.129,81.40 1 0
github.com/rubemlrm/go-api-bootstrap/internal/common/decorator/mocks/mock_CommandHandler.go:81.40,83.3 1 0
github.com/rubemlrm/go-api-bootstrap/internal/common/decorator/mocks/mock_CommandHandler.go:84.2,84.11 1 0
github.com/rubemlrm/go-api-bootstrap/internal/common/decorator/mocks/mock_CommandHandler.go:87.110,90.2 2 0
github.com/rubemlrm/go-api-bootstrap/internal/common/decorator/mocks/mock_CommandHandler.go:92.149,95.2 2 0
github.com/rubemlrm/go-api-bootstrap/internal/common/decorator/mocks/mock_QueryHandler.go:18.28,22.19 3 0
github.com/rubemlrm/go-api-bootstrap/internal/common/decorator/mocks/mock_QueryHandler.go:22.19,22.49 1 0
github.com/rubemlrm/go-api-bootstrap/internal/common/decorator/mocks/mock_QueryHandler.go:24.2,24.13 1 0
github.com/rubemlrm/go-api-bootstrap/internal/common/decorator/mocks/mock_QueryHandler.go:36.77,38.2 1 0
github.com/rubemlrm/go-api-bootstrap/internal/common/decorator/mocks/mock_QueryHandler.go:41.82,44.19 2 0
github.com/rubemlrm/go-api-bootstrap/internal/common/decorator/mocks/mock_QueryHandler.go:44.19,45.48 1 0
github.com/rubemlrm/go-api-bootstrap/internal/common/decorator/mocks/mock_QueryHandler.go:48.2,50.76 3 0
github.com/rubemlrm/go-api-bootstrap/internal/common/decorator/mocks/mock_QueryHandler.go:50.76,52.3 1 0
github.com/rubemlrm/go-api-bootstrap/internal/common/decorator/mocks/mock_QueryHandler.go:53.2,53.67 1 0
github.com/rubemlrm/go-api-bootstrap/internal/common/decorator/mocks/mock_QueryHandler.go:53.67,55.3 1 0
github.com/rubemlrm/go-api-bootstrap/internal/common/decorator/mocks/mock_QueryHandler.go:55.8,56.24 1 0
github.com/rubemlrm/go-api-bootstrap/internal/common/decorator/mocks/mock_QueryHandler.go:56.24,58.4 1 0
github.com/rubemlrm/go-api-bootstrap/internal/common/decorator/mocks/mock_QueryHandler.go:60.2,60.71 1 0
github.com/rubemlrm/go-api-bootstrap/internal/common/decorator/mocks/mock_QueryHandler.go:60.71,62.3 1 0
github.com/rubemlrm/go-api-bootstrap/internal/common/decorator/mocks/mock_QueryHandler.go:62.8,64.3 1 0
github.com/rubemlrm/go-api-bootstrap/internal/common/decorator/mocks/mock_QueryHandler.go:65.2,65.15 1 0
github.com/rubemlrm/go-api-bootstrap/internal/common/decorator/mocks/mock_QueryHandler.go:76.119,78.2 1 0
github.com/rubemlrm/go-api-bootstrap/internal/common/decorator/mocks/mock_QueryHandler.go:80.123,81.40 1 0
github.com/rubemlrm/go-api-bootstrap/internal/common/decorator/mocks/mock_QueryHandler.go:81.40,83.3 1 0
github.com/rubemlrm/go-api-bootstrap/internal/common/decorator/mocks/mock_QueryHandler.go:84.2,84.11 1 0
github.com/rubemlrm/go-api-bootstrap/internal/common/decorator/mocks/mock_QueryHandler.go:87.106,90.2 2 0
github.com/rubemlrm/go-api-bootstrap/internal/common/decorator/mocks/mock_QueryHandler.go:92.143,95.2 2 0
github.com/rubemlrm/go-api-bootstrap/internal/common/gin/errors.go:9.49,11.2 1 0
github.com/rubemlrm/go-api-bootstrap/internal/common/goose/goose.go:15.38,18.16 3 0
github.com/rubemlrm/go-api-bootstrap/internal/common/goose/goose.go:18.16,20.3 1 0
github.com/rubemlrm/go-api-bootstrap/internal/common/goose/goose.go:21.2,28.53 6 0
github.com/rubemlrm/go-api-bootstrap/internal/common/goose/goose.go:28.53,29.13 1 0
github.com/rubemlrm/go-api-bootstrap/internal/common/goose/goose.go:32.2,32.53 1 0
github.com/rubemlrm/go-api-bootstrap/internal/common/goose/goose.go:32.53,33.13 1 0
github.com/rubemlrm/go-api-bootstrap/internal/common/goose/goose.go:35.2,35.12 1 0
github.com/rubemlrm/go-api-bootstrap/internal/common/goose/goose.go:38.43,41.16 3 0
github.com/rubemlrm/go-api-bootstrap/internal/common/goose/goose.go:41.16,43.3 1 0
github.com/rubemlrm/go-api-bootstrap/internal/common/goose/goose.go:44.2,51.53 6 0
github.com/rubemlrm/go-api-bootstrap/internal/common/goose/goose.go:51.53,52.13 1 0
github.com/rubemlrm/go-api-bootstrap/internal/common/goose/goose.go:55.2,55.55 1 0
github.com/rubemlrm/go-api-bootstrap/internal/common/goose/goose.go:55.55,56.13 1 0
github.com/rubemlrm/go-api-bootstrap/internal/common/goose/goose.go:58.2,58.12 1 0
github.com/rubemlrm/go-api-bootstrap/internal/common/decorator/command.go:8.111,13.2 1 0
github.com/rubemlrm/go-api-bootstrap/internal/common/decorator/database_logging.go:16.105,24.43 4 0
github.com/rubemlrm/go-api-bootstrap/internal/common/decorator/database_logging.go:24.43,26.17 2 0
github.com/rubemlrm/go-api-bootstrap/internal/common/decorator/database_logging.go:26.17,28.4 1 0
github.com/rubemlrm/go-api-bootstrap/internal/common/decorator/database_logging.go:28.9,31.4 2 0
github.com/rubemlrm/go-api-bootstrap/internal/common/decorator/database_logging.go:34.2,34.32 1 0
github.com/rubemlrm/go-api-bootstrap/internal/common/decorator/database_logging.go:42.103,51.43 4 0
github.com/rubemlrm/go-api-bootstrap/internal/common/decorator/database_logging.go:51.43,53.17 2 0
github.com/rubemlrm/go-api-bootstrap/internal/common/decorator/database_logging.go:53.17,55.4 1 0
github.com/rubemlrm/go-api-bootstrap/internal/common/decorator/database_logging.go:55.9,58.4 2 0
github.com/rubemlrm/go-api-bootstrap/internal/common/decorator/database_logging.go:61.2,61.32 1 0
github.com/rubemlrm/go-api-bootstrap/internal/common/decorator/database_logging.go:64.45,66.2 1 0
github.com/rubemlrm/go-api-bootstrap/internal/common/decorator/query.go:8.109,13.2 1 0
github.com/rubemlrm/go-api-bootstrap/internal/common/logger/mocks/mock_Logger.go:16.16,20.19 3 0
github.com/rubemlrm/go-api-bootstrap/internal/common/logger/mocks/mock_Logger.go:20.19,20.49 1 0
github.com/rubemlrm/go-api-bootstrap/internal/common/logger/mocks/mock_Logger.go:22.2,22.13 1 0
github.com/rubemlrm/go-api-bootstrap/internal/common/logger/mocks/mock_Logger.go:34.53,36.2 1 0
github.com/rubemlrm/go-api-bootstrap/internal/common/logger/mocks/mock_Logger.go:39.57,40.19 1 0
github.com/rubemlrm/go-api-bootstrap/internal/common/logger/mocks/mock_Logger.go:40.19,42.3 1 0
github.com/rubemlrm/go-api-bootstrap/internal/common/logger/mocks/mock_Logger.go:42.8,44.3 1 0
github.com/rubemlrm/go-api-bootstrap/internal/common/logger/mocks/mock_Logger.go:46.2,46.8 1 0
github.com/rubemlrm/go-api-bootstrap/internal/common/logger/mocks/mock_Logger.go:57.99,60.2 1 0
github.com/rubemlrm/go-api-bootstrap/internal/common/logger/mocks/mock_Logger.go:62.96,63.40 1 0
github.com/rubemlrm/go-api-bootstrap/internal/common/logger/mocks/mock_Logger.go:63.40,66.3 2 0
github.com/rubemlrm/go-api-bootstrap/internal/common/logger/mocks/mock_Logger.go:67.2,67.11 1 0
github.com/rubemlrm/go-api-bootstrap/internal/common/logger/mocks/mock_Logger.go:70.66,73.2 2 0
github.com/rubemlrm/go-api-bootstrap/internal/common/logger/mocks/mock_Logger.go:75.105,78.2 2 0
github.com/rubemlrm/go-api-bootstrap/internal/common/logger/mocks/mock_Logger.go:81.57,82.19 1 0
github.com/rubemlrm/go-api-bootstrap/internal/common/logger/mocks/mock_Logger.go:82.19,84.3 1 0
github.com/rubemlrm/go-api-bootstrap/internal/common/logger/mocks/mock_Logger.go:84.8,86.3 1 0
github.com/rubemlrm/go-api-bootstrap/internal/common/logger/mocks/mock_Logger.go:88.2,88.8 1 0
github.com/rubemlrm/go-api-bootstrap/internal/common/logger/mocks/mock_Logger.go:99.99,102.2 1 0
github.com/rubemlrm/go-api-bootstrap/internal/common/logger/mocks/mock_Logger.go:104.96,105.40 1 0
github.com/rubemlrm/go-api-bootstrap/internal/common/logger/mocks/mock_Logger.go:105.40,108.3 2 0
github.com/rubemlrm/go-api-bootstrap/internal/common/logger/mocks/mock_Logger.go:109.2,109.11 1 0
github.com/rubemlrm/go-api-bootstrap/internal/common/logger/mocks/mock_Logger.go:112.66,115.2 2 0
github.com/rubemlrm/go-api-bootstrap/internal/common/logger/mocks/mock_Logger.go:117.105,120.2 2 0
github.com/rubemlrm/go-api-bootstrap/internal/common/logger/mocks/mock_Logger.go:123.56,124.19 1 0
github.com/rubemlrm/go-api-bootstrap/internal/common/logger/mocks/mock_Logger.go:124.19,126.3 1 0
github.com/rubemlrm/go-api-bootstrap/internal/common/logger/mocks/mock_Logger.go:126.8,128.3 1 0
github.com/rubemlrm/go-api-bootstrap/internal/common/logger/mocks/mock_Logger.go:130.2,130.8 1 0
github.com/rubemlrm/go-api-bootstrap/internal/common/logger/mocks/mock_Logger.go:141.97,144.2 1 0
github.com/rubemlrm/go-api-bootstrap/internal/common/logger/mocks/mock_Logger.go:146.94,147.40 1 0
github.com/rubemlrm/go-api-bootstrap/internal/common/logger/mocks/mock_Logger.go:147.40,150.3 2 0
github.com/rubemlrm/go-api-bootstrap/internal/common/logger/mocks/mock_Logger.go:151.2,151.11 1 0
github.com/rubemlrm/go-api-bootstrap/internal/common/logger/mocks/mock_Logger.go:154.64,157.2 2 0
github.com/rubemlrm/go-api-bootstrap/internal/common/logger/mocks/mock_Logger.go:159.103,162.2 2 0
github.com/rubemlrm/go-api-bootstrap/internal/common/testcontainers/postgres.go:20.82,31.48 1 0
github.com/rubemlrm/go-api-bootstrap/internal/common/testcontainers/postgres.go:31.48,33.5 1 0
github.com/rubemlrm/go-api-bootstrap/internal/common/testcontainers/postgres.go:36.2,40.16 2 0
github.com/rubemlrm/go-api-bootstrap/internal/common/testcontainers/postgres.go:40.16,41.13 1 0
github.com/rubemlrm/go-api-bootstrap/internal/common/testcontainers/postgres.go:44.2,45.16 2 0
github.com/rubemlrm/go-api-bootstrap/internal/common/testcontainers/postgres.go:45.16,46.13 1 0
github.com/rubemlrm/go-api-bootstrap/internal/common/testcontainers/postgres.go:49.2,50.16 2 0
github.com/rubemlrm/go-api-bootstrap/internal/common/testcontainers/postgres.go:50.16,51.13 1 0
github.com/rubemlrm/go-api-bootstrap/internal/common/testcontainers/postgres.go:54.2,61.8 2 0
github.com/rubemlrm/go-api-bootstrap/internal/common/testcontainers/redis.go:18.76,35.16 3 0
github.com/rubemlrm/go-api-bootstrap/internal/common/testcontainers/redis.go:35.16,36.13 1 0
github.com/rubemlrm/go-api-bootstrap/internal/common/testcontainers/redis.go:39.2,40.16 2 0
github.com/rubemlrm/go-api-bootstrap/internal/common/testcontainers/redis.go:40.16,41.13 1 0
github.com/rubemlrm/go-api-bootstrap/internal/common/testcontainers/redis.go:44.2,45.16 2 0
github.com/rubemlrm/go-api-bootstrap/internal/common/testcontainers/redis.go:45.16,46.13 1 0
github.com/rubemlrm/go-api-bootstrap/internal/common/testcontainers/redis.go:48.2,51.8 1 0
github.com/rubemlrm/go-api-bootstrap/internal/common/testcontainers/redis.go:54.84,70.16 3 0
github.com/rubemlrm/go-api-bootstrap/internal/common/testcontainers/redis.go:70.16,71.13 1 0
github.com/rubemlrm/go-api-bootstrap/internal/common/testcontainers/redis.go:74.2,75.16 2 0
github.com/rubemlrm/go-api-bootstrap/internal/common/testcontainers/redis.go:75.16,76.13 1 0
github.com/rubemlrm/go-api-bootstrap/internal/common/testcontainers/redis.go:79.2,80.16 2 0
github.com/rubemlrm/go-api-bootstrap/internal/common/testcontainers/redis.go:80.16,81.13 1 0
github.com/rubemlrm/go-api-bootstrap/internal/common/testcontainers/redis.go:83.2,86.8 1 0
github.com/rubemlrm/go-api-bootstrap/internal/common/tracing/main.go:17.75,26.16 3 0
github.com/rubemlrm/go-api-bootstrap/internal/common/tracing/main.go:26.16,28.3 1 0
github.com/rubemlrm/go-api-bootstrap/internal/common/tracing/main.go:29.2,41.16 6 0
github.com/rubemlrm/go-api-bootstrap/internal/common/validations/mocks/mock_Validater.go:16.19,20.19 3 0
github.com/rubemlrm/go-api-bootstrap/internal/common/validations/mocks/mock_Validater.go:20.19,20.49 1 0
github.com/rubemlrm/go-api-bootstrap/internal/common/validations/mocks/mock_Validater.go:22.2,22.13 1 0
github.com/rubemlrm/go-api-bootstrap/internal/common/validations/mocks/mock_Validater.go:34.59,36.2 1 0
github.com/rubemlrm/go-api-bootstrap/internal/common/validations/mocks/mock_Validater.go:39.57,42.19 2 0
github.com/rubemlrm/go-api-bootstrap/internal/common/validations/mocks/mock_Validater.go:42.19,43.47 1 0
github.com/rubemlrm/go-api-bootstrap/internal/common/validations/mocks/mock_Validater.go:46.2,47.63 2 0
github.com/rubemlrm/go-api-bootstrap/internal/common/validations/mocks/mock_Validater.go:47.63,49.3 1 0
github.com/rubemlrm/go-api-bootstrap/internal/common/validations/mocks/mock_Validater.go:49.8,51.3 1 0
github.com/rubemlrm/go-api-bootstrap/internal/common/validations/mocks/mock_Validater.go:52.2,52.11 1 0
github.com/rubemlrm/go-api-bootstrap/internal/common/validations/mocks/mock_Validater.go:62.84,64.2 1 0
github.com/rubemlrm/go-api-bootstrap/internal/common/validations/mocks/mock_Validater.go:66.94,67.40 1 0
github.com/rubemlrm/go-api-bootstrap/internal/common/validations/mocks/mock_Validater.go:67.40,69.3 1 0
github.com/rubemlrm/go-api-bootstrap/internal/common/validations/mocks/mock_Validater.go:70.2,70.11 1 0
github.com/rubemlrm/go-api-bootstrap/internal/common/validations/mocks/mock_Validater.go:73.78,76.2 2 0
github.com/rubemlrm/go-api-bootstrap/internal/common/validations/mocks/mock_Validater.go:78.108,81.2 2 0
github.com/rubemlrm/go-api-bootstrap/internal/common/validations/mocks/mock_Validater.go:84.74,87.19 2 0
github.com/rubemlrm/go-api-bootstrap/internal/common/validations/mocks/mock_Validater.go:87.19,88.63 1 0
github.com/rubemlrm/go-api-bootstrap/internal/common/validations/mocks/mock_Validater.go:91.2,92.64 2 0
github.com/rubemlrm/go-api-bootstrap/internal/common/validations/mocks/mock_Validater.go:92.64,94.3 1 0
github.com/rubemlrm/go-api-bootstrap/internal/common/validations/mocks/mock_Validater.go:94.8,96.3 1 0
github.com/rubemlrm/go-api-bootstrap/internal/common/validations/mocks/mock_Validater.go:97.2,97.11 1 0
github.com/rubemlrm/go-api-bootstrap/internal/common/validations/mocks/mock_Validater.go:107.116,109.2 1 0
github.com/rubemlrm/go-api-bootstrap/internal/common/validations/mocks/mock_Validater.go:111.126,112.40 1 0
github.com/rubemlrm/go-api-bootstrap/internal/common/validations/mocks/mock_Validater.go:112.40,114.3 1 0
github.com/rubemlrm/go-api-bootstrap/internal/common/validations/mocks/mock_Validater.go:115.2,115.11 1 0
github.com/rubemlrm/go-api-bootstrap/internal/common/validations/mocks/mock_Validater.go:118.113,121.2 2 0
github.com/rubemlrm/go-api-bootstrap/internal/common/validations/mocks/mock_Validater.go:123.141,126.2 2 0
github.com/rubemlrm/go-api-bootstrap/internal/common/http/gin/handler.go:18.26,23.2 2 1
github.com/rubemlrm/go-api-bootstrap/internal/common/http/gin/handler.go:25.74,32.53 7 1
github.com/rubemlrm/go-api-bootstrap/internal/common/http/gin/handler.go:32.53,34.3 1 1
github.com/rubemlrm/go-api-bootstrap/internal/common/http/gin/handler.go:35.2,35.18 1 1
github.com/rubemlrm/go-api-bootstrap/internal/common/http/gin/handler.go:38.43,40.2 1 0
github.com/rubemlrm/go-api-bootstrap/internal/common/http/gin/handler.go:42.37,43.30 1 1
github.com/rubemlrm/go-api-bootstrap/internal/common/http/gin/handler.go:43.30,45.17 2 2
github.com/rubemlrm/go-api-bootstrap/internal/common/http/gin/handler.go:45.17,47.4 1 0
github.com/rubemlrm/go-api-bootstrap/internal/common/http/gin/handler.go:48.3,49.11 2 2
github.com/rubemlrm/go-api-bootstrap/internal/common/logger/slog.go:23.54,31.33 2 3
github.com/rubemlrm/go-api-bootstrap/internal/common/logger/slog.go:31.33,33.3 1 6
github.com/rubemlrm/go-api-bootstrap/internal/common/logger/slog.go:35.2,37.24 2 3
github.com/rubemlrm/go-api-bootstrap/internal/common/logger/slog.go:37.24,41.3 1 1
github.com/rubemlrm/go-api-bootstrap/internal/common/logger/slog.go:41.8,45.3 1 2
github.com/rubemlrm/go-api-bootstrap/internal/common/logger/slog.go:47.2,48.10 2 3
github.com/rubemlrm/go-api-bootstrap/internal/common/logger/slog.go:51.43,52.30 1 3
github.com/rubemlrm/go-api-bootstrap/internal/common/logger/slog.go:52.30,53.20 1 3
github.com/rubemlrm/go-api-bootstrap/internal/common/logger/slog.go:53.20,55.4 1 2
github.com/rubemlrm/go-api-bootstrap/internal/common/logger/slog.go:56.3,56.27 1 3
github.com/rubemlrm/go-api-bootstrap/internal/common/logger/slog.go:60.48,61.30 1 3
github.com/rubemlrm/go-api-bootstrap/internal/common/logger/slog.go:61.30,63.3 1 3
github.com/rubemlrm/go-api-bootstrap/internal/common/logger/slog.go:66.53,68.2 1 1
github.com/rubemlrm/go-api-bootstrap/internal/common/logger/slog.go:70.54,72.2 1 1
github.com/rubemlrm/go-api-bootstrap/internal/common/logger/slog.go:74.54,76.2 1 1
github.com/rubemlrm/go-api-bootstrap/internal/user/app/command/mocks/mock_CreateUserHandler.go:19.27,23.19 3 0
github.com/rubemlrm/go-api-bootstrap/internal/user/app/command/mocks/mock_CreateUserHandler.go:23.19,23.49 1 0
github.com/rubemlrm/go-api-bootstrap/internal/user/app/command/mocks/mock_CreateUserHandler.go:25.2,25.13 1 0
github.com/rubemlrm/go-api-bootstrap/internal/user/app/command/mocks/mock_CreateUserHandler.go:37.75,39.2 1 0
github.com/rubemlrm/go-api-bootstrap/internal/user/app/command/mocks/mock_CreateUserHandler.go:42.104,45.19 2 0
github.com/rubemlrm/go-api-bootstrap/internal/user/app/command/mocks/mock_CreateUserHandler.go:45.19,46.48 1 0
github.com/rubemlrm/go-api-bootstrap/internal/user/app/command/mocks/mock_CreateUserHandler.go:49.2,51.97 3 0
github.com/rubemlrm/go-api-bootstrap/internal/user/app/command/mocks/mock_CreateUserHandler.go:51.97,53.3 1 0
github.com/rubemlrm/go-api-bootstrap/internal/user/app/command/mocks/mock_CreateUserHandler.go:54.2,54.88 1 0
github.com/rubemlrm/go-api-bootstrap/internal/user/app/command/mocks/mock_CreateUserHandler.go:54.88,56.3 1 0
github.com/rubemlrm/go-api-bootstrap/internal/user/app/command/mocks/mock_CreateUserHandler.go:56.8,58.3 1 0
github.com/rubemlrm/go-api-bootstrap/internal/user/app/command/mocks/mock_CreateUserHandler.go:59.2,59.86 1 0
github.com/rubemlrm/go-api-bootstrap/internal/user/app/command/mocks/mock_CreateUserHandler.go:59.86,61.3 1 0
github.com/rubemlrm/go-api-bootstrap/internal/user/app/command/mocks/mock_CreateUserHandler.go:61.8,63.3 1 0
github.com/rubemlrm/go-api-bootstrap/internal/user/app/command/mocks/mock_CreateUserHandler.go:64.2,64.15 1 0
github.com/rubemlrm/go-api-bootstrap/internal/user/app/command/mocks/mock_CreateUserHandler.go:75.119,77.2 1 0
github.com/rubemlrm/go-api-bootstrap/internal/user/app/command/mocks/mock_CreateUserHandler.go:79.138,80.40 1 0
github.com/rubemlrm/go-api-bootstrap/internal/user/app/command/mocks/mock_CreateUserHandler.go:80.40,82.3 1 0
github.com/rubemlrm/go-api-bootstrap/internal/user/app/command/mocks/mock_CreateUserHandler.go:83.2,83.11 1 0
github.com/rubemlrm/go-api-bootstrap/internal/user/app/command/mocks/mock_CreateUserHandler.go:86.111,89.2 2 0
github.com/rubemlrm/go-api-bootstrap/internal/user/app/command/mocks/mock_CreateUserHandler.go:91.164,94.2 2 0
github.com/rubemlrm/go-api-bootstrap/internal/common/api/api.go:23.94,25.16 2 4
github.com/rubemlrm/go-api-bootstrap/internal/common/api/api.go:25.16,27.3 1 2
github.com/rubemlrm/go-api-bootstrap/internal/common/api/api.go:28.2,28.20 1 2
github.com/rubemlrm/go-api-bootstrap/internal/common/api/api.go:31.32,40.12 4 2
github.com/rubemlrm/go-api-bootstrap/internal/common/api/api.go:40.12,42.3 1 2
github.com/rubemlrm/go-api-bootstrap/internal/common/api/api.go:45.2,48.12 3 2
github.com/rubemlrm/go-api-bootstrap/internal/common/api/api.go:48.12,50.3 1 2
github.com/rubemlrm/go-api-bootstrap/internal/common/api/api.go:52.2,54.12 2 2
github.com/rubemlrm/go-api-bootstrap/internal/common/api/api.go:57.104,60.16 2 4
github.com/rubemlrm/go-api-bootstrap/internal/common/api/api.go:60.16,62.3 1 1
github.com/rubemlrm/go-api-bootstrap/internal/common/api/api.go:64.2,66.16 2 3
github.com/rubemlrm/go-api-bootstrap/internal/common/api/api.go:66.16,68.3 1 1
github.com/rubemlrm/go-api-bootstrap/internal/common/api/api.go:70.2,77.29 3 2
github.com/rubemlrm/go-api-bootstrap/internal/common/api/api.go:80.41,81.60 1 2
github.com/rubemlrm/go-api-bootstrap/internal/common/api/api.go:81.60,83.3 1 1
github.com/rubemlrm/go-api-bootstrap/internal/common/api/api.go:84.2,84.12 1 1
github.com/rubemlrm/go-api-bootstrap/internal/common/api/api.go:87.40,90.40 3 2
github.com/rubemlrm/go-api-bootstrap/internal/common/api/api.go:90.40,92.3 1 0
github.com/rubemlrm/go-api-bootstrap/internal/common/api/api.go:93.2,93.12 1 2
github.com/rubemlrm/go-api-bootstrap/internal/user/app/query/mocks/mock_GetUserHandler.go:20.24,24.19 3 0
github.com/rubemlrm/go-api-bootstrap/internal/user/app/query/mocks/mock_GetUserHandler.go:24.19,24.49 1 0
github.com/rubemlrm/go-api-bootstrap/internal/user/app/query/mocks/mock_GetUserHandler.go:26.2,26.13 1 0
github.com/rubemlrm/go-api-bootstrap/internal/user/app/query/mocks/mock_GetUserHandler.go:38.69,40.2 1 0
github.com/rubemlrm/go-api-bootstrap/internal/user/app/query/mocks/mock_GetUserHandler.go:43.102,46.19 2 0
github.com/rubemlrm/go-api-bootstrap/internal/user/app/query/mocks/mock_GetUserHandler.go:46.19,47.48 1 0
github.com/rubemlrm/go-api-bootstrap/internal/user/app/query/mocks/mock_GetUserHandler.go:50.2,52.100 3 0
github.com/rubemlrm/go-api-bootstrap/internal/user/app/query/mocks/mock_GetUserHandler.go:52.100,54.3 1 0
github.com/rubemlrm/go-api-bootstrap/internal/user/app/query/mocks/mock_GetUserHandler.go:55.2,55.91 1 0
github.com/rubemlrm/go-api-bootstrap/internal/user/app/query/mocks/mock_GetUserHandler.go:55.91,57.3 1 0
github.com/rubemlrm/go-api-bootstrap/internal/user/app/query/mocks/mock_GetUserHandler.go:57.8,58.24 1 0
github.com/rubemlrm/go-api-bootstrap/internal/user/app/query/mocks/mock_GetUserHandler.go:58.24,60.4 1 0
github.com/rubemlrm/go-api-bootstrap/internal/user/app/query/mocks/mock_GetUserHandler.go:62.2,62.86 1 0
github.com/rubemlrm/go-api-bootstrap/internal/user/app/query/mocks/mock_GetUserHandler.go:62.86,64.3 1 0
github.com/rubemlrm/go-api-bootstrap/internal/user/app/query/mocks/mock_GetUserHandler.go:64.8,66.3 1 0
github.com/rubemlrm/go-api-bootstrap/internal/user/app/query/mocks/mock_GetUserHandler.go:67.2,67.15 1 0
github.com/rubemlrm/go-api-bootstrap/internal/user/app/query/mocks/mock_GetUserHandler.go:78.111,80.2 1 0
github.com/rubemlrm/go-api-bootstrap/internal/user/app/query/mocks/mock_GetUserHandler.go:82.130,83.40 1 0
github.com/rubemlrm/go-api-bootstrap/internal/user/app/query/mocks/mock_GetUserHandler.go:83.40,85.3 1 0
github.com/rubemlrm/go-api-bootstrap/internal/user/app/query/mocks/mock_GetUserHandler.go:86.2,86.11 1 0
github.com/rubemlrm/go-api-bootstrap/internal/user/app/query/mocks/mock_GetUserHandler.go:89.111,92.2 2 0
github.com/rubemlrm/go-api-bootstrap/internal/user/app/query/mocks/mock_GetUserHandler.go:94.159,97.2 2 0
github.com/rubemlrm/go-api-bootstrap/internal/user/app/query/mocks/mock_ListUsersHandler.go:20.26,24.19 3 0
github.com/rubemlrm/go-api-bootstrap/internal/user/app/query/mocks/mock_ListUsersHandler.go:24.19,24.49 1 0
github.com/rubemlrm/go-api-bootstrap/internal/user/app/query/mocks/mock_ListUsersHandler.go:26.2,26.13 1 0
github.com/rubemlrm/go-api-bootstrap/internal/user/app/query/mocks/mock_ListUsersHandler.go:38.73,40.2 1 0
github.com/rubemlrm/go-api-bootstrap/internal/user/app/query/mocks/mock_ListUsersHandler.go:43.113,46.19 2 0
github.com/rubemlrm/go-api-bootstrap/internal/user/app/query/mocks/mock_ListUsersHandler.go:46.19,47.48 1 0
github.com/rubemlrm/go-api-bootstrap/internal/user/app/query/mocks/mock_ListUsersHandler.go:50.2,52.109 3 0
github.com/rubemlrm/go-api-bootstrap/internal/user/app/query/mocks/mock_ListUsersHandler.go:52.109,54.3 1 0
github.com/rubemlrm/go-api-bootstrap/internal/user/app/query/mocks/mock_ListUsersHandler.go:55.2,55.100 1 0
github.com/rubemlrm/go-api-bootstrap/internal/user/app/query/mocks/mock_ListUsersHandler.go:55.100,57.3 1 0
github.com/rubemlrm/go-api-bootstrap/internal/user/app/query/mocks/mock_ListUsersHandler.go:57.8,58.24 1 0
github.com/rubemlrm/go-api-bootstrap/internal/user/app/query/mocks/mock_ListUsersHandler.go:58.24,60.4 1 0
github.com/rubemlrm/go-api-bootstrap/internal/user/app/query/mocks/mock_ListUsersHandler.go:62.2,62.93 1 0
github.com/rubemlrm/go-api-bootstrap/internal/user/app/query/mocks/mock_ListUsersHandler.go:62.93,64.3 1 0
github.com/rubemlrm/go-api-bootstrap/internal/user/app/query/mocks/mock_ListUsersHandler.go:64.8,66.3 1 0
github.com/rubemlrm/go-api-bootstrap/internal/user/app/query/mocks/mock_ListUsersHandler.go:67.2,67.15 1 0
github.com/rubemlrm/go-api-bootstrap/internal/user/app/query/mocks/mock_ListUsersHandler.go:78.115,80.2 1 0
github.com/rubemlrm/go-api-bootstrap/internal/user/app/query/mocks/mock_ListUsersHandler.go:82.141,83.40 1 0
github.com/rubemlrm/go-api-bootstrap/internal/user/app/query/mocks/mock_ListUsersHandler.go:83.40,85.3 1 0
github.com/rubemlrm/go-api-bootstrap/internal/user/app/query/mocks/mock_ListUsersHandler.go:86.2,86.11 1 0
github.com/rubemlrm/go-api-bootstrap/internal/user/app/query/mocks/mock_ListUsersHandler.go:89.117,92.2 2 0
github.com/rubemlrm/go-api-bootstrap/internal/user/app/query/mocks/mock_ListUsersHandler.go:94.172,97.2 2 0
github.com/rubemlrm/go-api-bootstrap/internal/common/validations/validator.go:28.64,40.28 6 14
github.com/rubemlrm/go-api-bootstrap/internal/common/validations/validator.go:40.28,42.17 2 12
github.com/rubemlrm/go-api-bootstrap/internal/common/validations/validator.go:42.17,44.4 1 6
github.com/rubemlrm/go-api-bootstrap/internal/common/validations/validator.go:47.2,47.23 1 8
github.com/rubemlrm/go-api-bootstrap/internal/common/validations/validator.go:50.48,51.34 1 3
github.com/rubemlrm/go-api-bootstrap/internal/common/validations/validator.go:51.34,52.18 1 3
github.com/rubemlrm/go-api-bootstrap/internal/common/validations/validator.go:52.18,54.4 1 1
github.com/rubemlrm/go-api-bootstrap/internal/common/validations/validator.go:55.3,55.71 1 2
github.com/rubemlrm/go-api-bootstrap/internal/common/validations/validator.go:55.71,57.19 2 4
github.com/rubemlrm/go-api-bootstrap/internal/common/validations/validator.go:57.19,59.5 1 2
github.com/rubemlrm/go-api-bootstrap/internal/common/validations/validator.go:60.4,60.15 1 2
github.com/rubemlrm/go-api-bootstrap/internal/common/validations/validator.go:62.3,62.13 1 2
github.com/rubemlrm/go-api-bootstrap/internal/common/validations/validator.go:65.63,66.34 1 6
github.com/rubemlrm/go-api-bootstrap/internal/common/validations/validator.go:66.34,67.16 1 6
github.com/rubemlrm/go-api-bootstrap/internal/common/validations/validator.go:67.16,69.4 1 1
github.com/rubemlrm/go-api-bootstrap/internal/common/validations/validator.go:71.3,71.20 1 5
github.com/rubemlrm/go-api-bootstrap/internal/common/validations/validator.go:71.20,73.4 1 2
github.com/rubemlrm/go-api-bootstrap/internal/common/validations/validator.go:74.3,74.91 1 3
github.com/rubemlrm/go-api-bootstrap/internal/common/validations/validator.go:74.91,76.4 1 3
github.com/rubemlrm/go-api-bootstrap/internal/common/validations/validator.go:76.54,79.4 2 1
github.com/rubemlrm/go-api-bootstrap/internal/common/validations/validator.go:80.3,80.13 1 3
github.com/rubemlrm/go-api-bootstrap/internal/common/validations/validator.go:84.62,85.34 1 3
github.com/rubemlrm/go-api-bootstrap/internal/common/validations/validator.go:85.34,86.16 1 3
github.com/rubemlrm/go-api-bootstrap/internal/common/validations/validator.go:86.16,88.4 1 1
github.com/rubemlrm/go-api-bootstrap/internal/common/validations/validator.go:90.3,90.16 1 2
github.com/rubemlrm/go-api-bootstrap/internal/common/validations/validator.go:90.16,92.4 1 1
github.com/rubemlrm/go-api-bootstrap/internal/common/validations/validator.go:93.3,93.48 1 1
github.com/rubemlrm/go-api-bootstrap/internal/common/validations/validator.go:97.50,99.16 2 4
github.com/rubemlrm/go-api-bootstrap/internal/common/validations/validator.go:99.16,101.3 1 3
github.com/rubemlrm/go-api-bootstrap/internal/common/validations/validator.go:102.2,102.12 1 1
github.com/rubemlrm/go-api-bootstrap/internal/common/validations/validator.go:105.66,107.16 2 2
github.com/rubemlrm/go-api-bootstrap/internal/common/validations/validator.go:107.16,111.3 3 1
github.com/rubemlrm/go-api-bootstrap/internal/common/validations/validator.go:112.2,112.12 1 1
github.com/rubemlrm/go-api-bootstrap/internal/user/domain/user/mocks/mock_UseCase.go:19.17,23.19 3 0
github.com/rubemlrm/go-api-bootstrap/internal/user/domain/user/mocks/mock_UseCase.go:23.19,23.49 1 0
github.com/rubemlrm/go-api-bootstrap/internal/user/domain/user/mocks/mock_UseCase.go:25.2,25.13 1 0
github.com/rubemlrm/go-api-bootstrap/internal/user/domain/user/mocks/mock_UseCase.go:37.55,39.2 1 0
github.com/rubemlrm/go-api-bootstrap/internal/user/domain/user/mocks/mock_UseCase.go:42.74,45.19 2 0
github.com/rubemlrm/go-api-bootstrap/internal/user/domain/user/mocks/mock_UseCase.go:45.19,46.45 1 0
github.com/rubemlrm/go-api-bootstrap/internal/user/domain/user/mocks/mock_UseCase.go:49.2,51.84 3 0
github.com/rubemlrm/go-api-bootstrap/internal/user/domain/user/mocks/mock_UseCase.go:51.84,53.3 1 0
github.com/rubemlrm/go-api-bootstrap/internal/user/domain/user/mocks/mock_UseCase.go:54.2,54.75 1 0
github.com/rubemlrm/go-api-bootstrap/internal/user/domain/user/mocks/mock_UseCase.go:54.75,56.3 1 0
github.com/rubemlrm/go-api-bootstrap/internal/user/domain/user/mocks/mock_UseCase.go:56.8,57.24 1 0
github.com/rubemlrm/go-api-bootstrap/internal/user/domain/user/mocks/mock_UseCase.go:57.24,59.4 1 0
github.com/rubemlrm/go-api-bootstrap/internal/user/domain/user/mocks/mock_UseCase.go:61.2,61.68 1 0
github.com/rubemlrm/go-api-bootstrap/internal/user/domain/user/mocks/mock_UseCase.go:61.68,63.3 1 0
github.com/rubemlrm/go-api-bootstrap/internal/user/domain/user/mocks/mock_UseCase.go:63.8,65.3 1 0
github.com/rubemlrm/go-api-bootstrap/internal/user/domain/user/mocks/mock_UseCase.go:66.2,66.15 1 0
github.com/rubemlrm/go-api-bootstrap/internal/user/domain/user/mocks/mock_UseCase.go:76.76,78.2 1 0
github.com/rubemlrm/go-api-bootstrap/internal/user/domain/user/mocks/mock_UseCase.go:80.90,81.40 1 0
github.com/rubemlrm/go-api-bootstrap/internal/user/domain/user/mocks/mock_UseCase.go:81.40,83.3 1 0
github.com/rubemlrm/go-api-bootstrap/internal/user/domain/user/mocks/mock_UseCase.go:84.2,84.11 1 0
github.com/rubemlrm/go-api-bootstrap/internal/user/domain/user/mocks/mock_UseCase.go:87.93,90.2 2 0
github.com/rubemlrm/go-api-bootstrap/internal/user/domain/user/mocks/mock_UseCase.go:92.121,95.2 2 0
github.com/rubemlrm/go-api-bootstrap/internal/user/domain/user/mocks/mock_UseCase.go:98.96,101.19 2 0
github.com/rubemlrm/go-api-bootstrap/internal/user/domain/user/mocks/mock_UseCase.go:101.19,102.48 1 0
github.com/rubemlrm/go-api-bootstrap/internal/user/domain/user/mocks/mock_UseCase.go:105.2,107.97 3 0
github.com/rubemlrm/go-api-bootstrap/internal/user/domain/user/mocks/mock_UseCase.go:107.97,109.3 1 0
github.com/rubemlrm/go-api-bootstrap/internal/user/domain/user/mocks/mock_UseCase.go:110.2,110.88 1 0
github.com/rubemlrm/go-api-bootstrap/internal/user/domain/user/mocks/mock_UseCase.go:110.88,112.3 1 0
github.com/rubemlrm/go-api-bootstrap/internal/user/domain/user/mocks/mock_UseCase.go:112.8,114.3 1 0
github.com/rubemlrm/go-api-bootstrap/internal/user/domain/user/mocks/mock_UseCase.go:115.2,115.86 1 0
github.com/rubemlrm/go-api-bootstrap/internal/user/domain/user/mocks/mock_UseCase.go:115.86,117.3 1 0
github.com/rubemlrm/go-api-bootstrap/internal/user/domain/user/mocks/mock_UseCase.go:117.8,119.3 1 0
github.com/rubemlrm/go-api-bootstrap/internal/user/domain/user/mocks/mock_UseCase.go:120.2,120.15 1 0
github.com/rubemlrm/go-api-bootstrap/internal/user/domain/user/mocks/mock_UseCase.go:131.101,133.2 1 0
github.com/rubemlrm/go-api-bootstrap/internal/user/domain/user/mocks/mock_UseCase.go:135.120,136.40 1 0
github.com/rubemlrm/go-api-bootstrap/internal/user/domain/user/mocks/mock_UseCase.go:136.40,138.3 1 0
github.com/rubemlrm/go-api-bootstrap/internal/user/domain/user/mocks/mock_UseCase.go:139.2,139.11 1 0
github.com/rubemlrm/go-api-bootstrap/internal/user/domain/user/mocks/mock_UseCase.go:142.91,145.2 2 0
github.com/rubemlrm/go-api-bootstrap/internal/user/domain/user/mocks/mock_UseCase.go:147.146,150.2 2 0
github.com/rubemlrm/go-api-bootstrap/internal/user/domain/user/mocks/mock_UseCase.go:153.84,156.19 2 0
github.com/rubemlrm/go-api-bootstrap/internal/user/domain/user/mocks/mock_UseCase.go:156.19,157.45 1 0
github.com/rubemlrm/go-api-bootstrap/internal/user/domain/user/mocks/mock_UseCase.go:160.2,162.91 3 0
github.com/rubemlrm/go-api-bootstrap/internal/user/domain/user/mocks/mock_UseCase.go:162.91,164.3 1 0
github.com/rubemlrm/go-api-bootstrap/internal/user/domain/user/mocks/mock_UseCase.go:165.2,165.82 1 0
github.com/rubemlrm/go-api-bootstrap/internal/user/domain/user/mocks/mock_UseCase.go:165.82,167.3 1 0
github.com/rubemlrm/go-api-bootstrap/internal/user/domain/user/mocks/mock_UseCase.go:167.8,168.24 1 0
github.com/rubemlrm/go-api-bootstrap/internal/user/domain/user/mocks/mock_UseCase.go:168.24,170.4 1 0
github.com/rubemlrm/go-api-bootstrap/internal/user/domain/user/mocks/mock_UseCase.go:172.2,172.77 1 0
github.com/rubemlrm/go-api-bootstrap/internal/user/domain/user/mocks/mock_UseCase.go:172.77,174.3 1 0
github.com/rubemlrm/go-api-bootstrap/internal/user/domain/user/mocks/mock_UseCase.go:174.8,176.3 1 0
github.com/rubemlrm/go-api-bootstrap/internal/user/domain/user/mocks/mock_UseCase.go:177.2,177.15 1 0
github.com/rubemlrm/go-api-bootstrap/internal/user/domain/user/mocks/mock_UseCase.go:188.92,190.2 1 0
github.com/rubemlrm/go-api-bootstrap/internal/user/domain/user/mocks/mock_UseCase.go:192.102,193.40 1 0
github.com/rubemlrm/go-api-bootstrap/internal/user/domain/user/mocks/mock_UseCase.go:193.40,195.3 1 0
github.com/rubemlrm/go-api-bootstrap/internal/user/domain/user/mocks/mock_UseCase.go:196.2,196.11 1 0
github.com/rubemlrm/go-api-bootstrap/internal/user/domain/user/mocks/mock_UseCase.go:199.91,202.2 2 0
github.com/rubemlrm/go-api-bootstrap/internal/user/domain/user/mocks/mock_UseCase.go:204.131,207.2 2 0
github.com/rubemlrm/go-api-bootstrap/internal/user/domain/user/mocks/mock_UserReader.go:19.20,23.19 3 0
github.com/rubemlrm/go-api-bootstrap/internal/user/domain/user/mocks/mock_UserReader.go:23.19,23.49 1 0
github.com/rubemlrm/go-api-bootstrap/internal/user/domain/user/mocks/mock_UserReader.go:25.2,25.13 1 0
github.com/rubemlrm/go-api-bootstrap/internal/user/domain/user/mocks/mock_UserReader.go:37.61,39.2 1 0
github.com/rubemlrm/go-api-bootstrap/internal/user/domain/user/mocks/mock_UserReader.go:42.77,45.19 2 0
github.com/rubemlrm/go-api-bootstrap/internal/user/domain/user/mocks/mock_UserReader.go:45.19,46.45 1 0
github.com/rubemlrm/go-api-bootstrap/internal/user/domain/user/mocks/mock_UserReader.go:49.2,51.84 3 0
github.com/rubemlrm/go-api-bootstrap/internal/user/domain/user/mocks/mock_UserReader.go:51.84,53.3 1 0
github.com/rubemlrm/go-api-bootstrap/internal/user/domain/user/mocks/mock_UserReader.go:54.2,54.75 1 0
github.com/rubemlrm/go-api-bootstrap/internal/user/domain/user/mocks/mock_UserReader.go:54.75,56.3 1 0
github.com/rubemlrm/go-api-bootstrap/internal/user/domain/user/mocks/mock_UserReader.go:56.8,57.24 1 0
github.com/rubemlrm/go-api-bootstrap/internal/user/domain/user/mocks/mock_UserReader.go:57.24,59.4 1 0
github.com/rubemlrm/go-api-bootstrap/internal/user/domain/user/mocks/mock_UserReader.go:61.2,61.68 1 0
github.com/rubemlrm/go-api-bootstrap/internal/user/domain/user/mocks/mock_UserReader.go:61.68,63.3 1 0
github.com/rubemlrm/go-api-bootstrap/internal/user/domain/user/mocks/mock_UserReader.go:63.8,65.3 1 0
github.com/rubemlrm/go-api-bootstrap/internal/user/domain/user/mocks/mock_UserReader.go:66.2,66.15 1 0
github.com/rubemlrm/go-api-bootstrap/internal/user/domain/user/mocks/mock_UserReader.go:76.82,78.2 1 0
github.com/rubemlrm/go-api-bootstrap/internal/user/domain/user/mocks/mock_UserReader.go:80.96,81.40 1 0
github.com/rubemlrm/go-api-bootstrap/internal/user/domain/user/mocks/mock_UserReader.go:81.40,83.3 1 0
github.com/rubemlrm/go-api-bootstrap/internal/user/domain/user/mocks/mock_UserReader.go:84.2,84.11 1 0
github.com/rubemlrm/go-api-bootstrap/internal/user/domain/user/mocks/mock_UserReader.go:87.99,90.2 2 0
github.com/rubemlrm/go-api-bootstrap/internal/user/domain/user/mocks/mock_UserReader.go:92.127,95.2 2 0
github.com/rubemlrm/go-api-bootstrap/internal/user/domain/user/mocks/mock_UserReader.go:98.87,101.19 2 0
github.com/rubemlrm/go-api-bootstrap/internal/user/domain/user/mocks/mock_UserReader.go:101.19,102.45 1 0
github.com/rubemlrm/go-api-bootstrap/internal/user/domain/user/mocks/mock_UserReader.go:105.2,107.91 3 0
github.com/rubemlrm/go-api-bootstrap/internal/user/domain/user/mocks/mock_UserReader.go:107.91,109.3 1 0
github.com/rubemlrm/go-api-bootstrap/internal/user/domain/user/mocks/mock_UserReader.go:110.2,110.82 1 0
github.com/rubemlrm/go-api-bootstrap/internal/user/domain/user/mocks/mock_UserReader.go:110.82,112.3 1 0
github.com/rubemlrm/go-api-bootstrap/internal/user/domain/user/mocks/mock_UserReader.go:112.8,113.24 1 0
github.com/rubemlrm/go-api-bootstrap/internal/user/domain/user/mocks/mock_UserReader.go:113.24,115.4 1 0
github.com/rubemlrm/go-api-bootstrap/internal/user/domain/user/mocks/mock_UserReader.go:117.2,117.77 1 0
github.com/rubemlrm/go-api-bootstrap/internal/user/domain/user/mocks/mock_UserReader.go:117.77,119.3 1 0
github.com/rubemlrm/go-api-bootstrap/internal/user/domain/user/mocks/mock_UserReader.go:119.8,121.3 1 0
github.com/rubemlrm/go-api-bootstrap/internal/user/domain/user/mocks/mock_UserReader.go:122.2,122.15 1 0
github.com/rubemlrm/go-api-bootstrap/internal/user/domain/user/mocks/mock_UserReader.go:133.98,135.2 1 0
github.com/rubemlrm/go-api-bootstrap/internal/user/domain/user/mocks/mock_UserReader.go:137.108,138.40 1 0
github.com/rubemlrm/go-api-bootstrap/internal/user/domain/user/mocks/mock_UserReader.go:138.40,140.3 1 0
github.com/rubemlrm/go-api-bootstrap/internal/user/domain/user/mocks/mock_UserReader.go:141.2,141.11 1 0
github.com/rubemlrm/go-api-bootstrap/internal/user/domain/user/mocks/mock_UserReader.go:144.97,147.2 2 0
github.com/rubemlrm/go-api-bootstrap/internal/user/domain/user/mocks/mock_UserReader.go:149.137,152.2 2 0
github.com/rubemlrm/go-api-bootstrap/internal/user/domain/user/mocks/mock_UserRepository.go:19.24,23.19 3 0
github.com/rubemlrm/go-api-bootstrap/internal/user/domain/user/mocks/mock_UserRepository.go:23.19,23.49 1 0
github.com/rubemlrm/go-api-bootstrap/internal/user/domain/user/mocks/mock_UserRepository.go:25.2,25.13 1 0
github.com/rubemlrm/go-api-bootstrap/internal/user/domain/user/mocks/mock_UserRepository.go:37.69,39.2 1 0
github.com/rubemlrm/go-api-bootstrap/internal/user/domain/user/mocks/mock_UserRepository.go:42.81,45.19 2 0
github.com/rubemlrm/go-api-bootstrap/internal/user/domain/user/mocks/mock_UserRepository.go:45.19,46.45 1 0
github.com/rubemlrm/go-api-bootstrap/internal/user/domain/user/mocks/mock_UserRepository.go:49.2,51.84 3 0
github.com/rubemlrm/go-api-bootstrap/internal/user/domain/user/mocks/mock_UserRepository.go:51.84,53.3 1 0
github.com/rubemlrm/go-api-bootstrap/internal/user/domain/user/mocks/mock_UserRepository.go:54.2,54.75 1 0
github.com/rubemlrm/go-api-bootstrap/internal/user/domain/user/mocks/mock_UserRepository.go:54.75,56.3 1 0
github.com/rubemlrm/go-api-bootstrap/internal/user/domain/user/mocks/mock_UserRepository.go:56.8,57.24 1 0
github.com/rubemlrm/go-api-bootstrap/internal/user/domain/user/mocks/mock_UserRepository.go:57.24,59.4 1 0
github.com/rubemlrm/go-api-bootstrap/internal/user/domain/user/mocks/mock_UserRepository.go:61.2,61.68 1 0
github.com/rubemlrm/go-api-bootstrap/internal/user/domain/user/mocks/mock_UserRepository.go:61.68,63.3 1 0
github.com/rubemlrm/go-api-bootstrap/internal/user/domain/user/mocks/mock_UserRepository.go:63.8,65.3 1 0
github.com/rubemlrm/go-api-bootstrap/internal/user/domain/user/mocks/mock_UserRepository.go:66.2,66.15 1 0
github.com/rubemlrm/go-api-bootstrap/internal/user/domain/user/mocks/mock_UserRepository.go:76.90,78.2 1 0
github.com/rubemlrm/go-api-bootstrap/internal/user/domain/user/mocks/mock_UserRepository.go:80.104,81.40 1 0
github.com/rubemlrm/go-api-bootstrap/internal/user/domain/user/mocks/mock_UserRepository.go:81.40,83.3 1 0
github.com/rubemlrm/go-api-bootstrap/internal/user/domain/user/mocks/mock_UserRepository.go:84.2,84.11 1 0
github.com/rubemlrm/go-api-bootstrap/internal/user/domain/user/mocks/mock_UserRepository.go:87.107,90.2 2 0
github.com/rubemlrm/go-api-bootstrap/internal/user/domain/user/mocks/mock_UserRepository.go:92.135,95.2 2 0
github.com/rubemlrm/go-api-bootstrap/internal/user/domain/user/mocks/mock_UserRepository.go:98.99,101.19 2 0
github.com/rubemlrm/go-api-bootstrap/internal/user/domain/user/mocks/mock_UserRepository.go:101.19,102.48 1 0
github.com/rubemlrm/go-api-bootstrap/internal/user/domain/user/mocks/mock_UserRepository.go:105.2,107.97 3 0
github.com/rubemlrm/go-api-bootstrap/internal/user/domain/user/mocks/mock_UserRepository.go:107.97,109.3 1 0
github.com/rubemlrm/go-api-bootstrap/internal/user/domain/user/mocks/mock_UserRepository.go:110.2,110.88 1 0
github.com/rubemlrm/go-api-bootstrap/internal/user/domain/user/mocks/mock_UserRepository.go:110.88,112.3 1 0
github.com/rubemlrm/go-api-bootstrap/internal/user/domain/user/mocks/mock_UserRepository.go:112.8,114.3 1 0
github.com/rubemlrm/go-api-bootstrap/internal/user/domain/user/mocks/mock_UserRepository.go:115.2,115.86 1 0
github.com/rubemlrm/go-api-bootstrap/internal/user/domain/user/mocks/mock_UserRepository.go:115.86,117.3 1 0
github.com/rubemlrm/go-api-bootstrap/internal/user/domain/user/mocks/mock_UserRepository.go:117.8,119.3 1 0
github.com/rubemlrm/go-api-bootstrap/internal/user/domain/user/mocks/mock_UserRepository.go:120.2,120.15 1 0
github.com/rubemlrm/go-api-bootstrap/internal/user/domain/user/mocks/mock_UserRepository.go:131.111,133.2 1 0
github.com/rubemlrm/go-api-bootstrap/internal/user/domain/user/mocks/mock_UserRepository.go:135.130,136.40 1 0
github.com/rubemlrm/go-api-bootstrap/internal/user/domain/user/mocks/mock_UserRepository.go:136.40,138.3 1 0
github.com/rubemlrm/go-api-bootstrap/internal/user/domain/user/mocks/mock_UserRepository.go:139.2,139.11 1 0
github.com/rubemlrm/go-api-bootstrap/internal/user/domain/user/mocks/mock_UserRepository.go:142.105,145.2 2 0
github.com/rubemlrm/go-api-bootstrap/internal/user/domain/user/mocks/mock_UserRepository.go:147.156,150.2 2 0
github.com/rubemlrm/go-api-bootstrap/internal/user/domain/user/mocks/mock_UserRepository.go:153.91,156.19 2 0
github.com/rubemlrm/go-api-bootstrap/internal/user/domain/user/mocks/mock_UserRepository.go:156.19,157.45 1 0
github.com/rubemlrm/go-api-bootstrap/internal/user/domain/user/mocks/mock_UserRepository.go:160.2,162.91 3 0
github.com/rubemlrm/go-api-bootstrap/internal/user/domain/user/mocks/mock_UserRepository.go:162.91,164.3 1 0
github.com/rubemlrm/go-api-bootstrap/internal/user/domain/user/mocks/mock_UserRepository.go:165.2,165.82 1 0
github.com/rubemlrm/go-api-bootstrap/internal/user/domain/user/mocks/mock_UserRepository.go:165.82,167.3 1 0
github.com/rubemlrm/go-api-bootstrap/internal/user/domain/user/mocks/mock_UserRepository.go:167.8,168.24 1 0
github.com/rubemlrm/go-api-bootstrap/internal/user/domain/user/mocks/mock_UserRepository.go:168.24,170.4 1 0
github.com/rubemlrm/go-api-bootstrap/internal/user/domain/user/mocks/mock_UserRepository.go:172.2,172.77 1 0
github.com/rubemlrm/go-api-bootstrap/internal/user/domain/user/mocks/mock_UserRepository.go:172.77,174.3 1 0
github.com/rubemlrm/go-api-bootstrap/internal/user/domain/user/mocks/mock_UserRepository.go:174.8,176.3 1 0
github.com/rubemlrm/go-api-bootstrap/internal/user/domain/user/mocks/mock_UserRepository.go:177.2,177.15 1 0
github.com/rubemlrm/go-api-bootstrap/internal/user/domain/user/mocks/mock_UserRepository.go:188.106,190.2 1 0
github.com/rubemlrm/go-api-bootstrap/internal/user/domain/user/mocks/mock_UserRepository.go:192.116,193.40 1 0
github.com/rubemlrm/go-api-bootstrap/internal/user/domain/user/mocks/mock_UserRepository.go:193.40,195.3 1 0
github.com/rubemlrm/go-api-bootstrap/internal/user/domain/user/mocks/mock_UserRepository.go:196.2,196.11 1 0
github.com/rubemlrm/go-api-bootstrap/internal/user/domain/user/mocks/mock_UserRepository.go:199.105,202.2 2 0
github.com/rubemlrm/go-api-bootstrap/internal/user/domain/user/mocks/mock_UserRepository.go:204.145,207.2 2 0
github.com/rubemlrm/go-api-bootstrap/internal/user/domain/user/mocks/mock_UserWriter.go:19.20,23.19 3 0
github.com/rubemlrm/go-api-bootstrap/internal/user/domain/user/mocks/mock_UserWriter.go:23.19,23.49 1 0
github.com/rubemlrm/go-api-bootstrap/internal/user/domain/user/mocks/mock_UserWriter.go:25.2,25.13 1 0
github.com/rubemlrm/go-api-bootstrap/internal/user/domain/user/mocks/mock_UserWriter.go:37.61,39.2 1 0
github.com/rubemlrm/go-api-bootstrap/internal/user/domain/user/mocks/mock_UserWriter.go:42.95,45.19 2 0
github.com/rubemlrm/go-api-bootstrap/internal/user/domain/user/mocks/mock_UserWriter.go:45.19,46.48 1 0
github.com/rubemlrm/go-api-bootstrap/internal/user/domain/user/mocks/mock_UserWriter.go:49.2,51.97 3 0
github.com/rubemlrm/go-api-bootstrap/internal/user/domain/user/mocks/mock_UserWriter.go:51.97,53.3 1 0
github.com/rubemlrm/go-api-bootstrap/internal/user/domain/user/mocks/mock_UserWriter.go:54.2,54.88 1 0
github.com/rubemlrm/go-api-bootstrap/internal/user/domain/user/mocks/mock_UserWriter.go:54.88,56.3 1 0
github.com/rubemlrm/go-api-bootstrap/internal/user/domain/user/mocks/mock_UserWriter.go:56.8,58.3 1 0
github.com/rubemlrm/go-api-bootstrap/internal/user/domain/user/mocks/mock_UserWriter.go:59.2,59.86 1 0
github.com/rubemlrm/go-api-bootstrap/internal/user/domain/user/mocks/mock_UserWriter.go:59.86,61.3 1 0
github.com/rubemlrm/go-api-bootstrap/internal/user/domain/user/mocks/mock_UserWriter.go:61.8,63.3 1 0
github.com/rubemlrm/go-api-bootstrap/internal/user/domain/user/mocks/mock_UserWriter.go:64.2,64.15 1 0
github.com/rubemlrm/go-api-bootstrap/internal/user/domain/user/mocks/mock_UserWriter.go:75.103,77.2 1 0
github.com/rubemlrm/go-api-bootstrap/internal/user/domain/user/mocks/mock_UserWriter.go:79.122,80.40 1 0
github.com/rubemlrm/go-api-bootstrap/internal/user/domain/user/mocks/mock_UserWriter.go:80.40,82.3 1 0
github.com/rubemlrm/go-api-bootstrap/internal/user/domain/user/mocks/mock_UserWriter.go:83.2,83.11 1 0
github.com/rubemlrm/go-api-bootstrap/internal/user/domain/user/mocks/mock_UserWriter.go:86.97,89.2 2 0
github.com/rubemlrm/go-api-bootstrap/internal/user/domain/user/mocks/mock_UserWriter.go:91.148,94.2 2 0
github.com/rubemlrm/go-api-bootstrap/internal/common/metrics/metrics.go:18.18,21.16 3 1
github.com/rubemlrm/go-api-bootstrap/internal/common/metrics/metrics.go:21.16,23.3 1 0
github.com/rubemlrm/go-api-bootstrap/internal/common/metrics/metrics.go:24.2,27.16 4 1
github.com/rubemlrm/go-api-bootstrap/internal/common/metrics/metrics.go:27.16,29.3 1 0
github.com/rubemlrm/go-api-bootstrap/internal/common/metrics/metrics.go:30.2,37.12 4 1
github.com/rubemlrm/go-api-bootstrap/internal/common/metrics/metrics.go:37.12,41.17 4 1
github.com/rubemlrm/go-api-bootstrap/internal/common/metrics/metrics.go:41.17,44.4 2 0
github.com/rubemlrm/go-api-bootstrap/internal/user/app/command/create_user.go:17.93,22.2 1 2
github.com/rubemlrm/go-api-bootstrap/internal/user/app/command/create_user.go:24.93,26.16 2 2
github.com/rubemlrm/go-api-bootstrap/internal/user/app/command/create_user.go:26.16,28.3 1 1
github.com/rubemlrm/go-api-bootstrap/internal/user/app/command/create_user.go:29.2,29.15 1 1
github.com/rubemlrm/go-api-bootstrap/internal/user/app/query/get_user.go:21.87,26.2 1 2
github.com/rubemlrm/go-api-bootstrap/internal/user/app/query/get_user.go:28.80,30.16 2 2
github.com/rubemlrm/go-api-bootstrap/internal/user/app/query/get_user.go:30.16,32.3 1 1
github.com/rubemlrm/go-api-bootstrap/internal/user/app/query/get_user.go:33.2,33.15 1 1
github.com/rubemlrm/go-api-bootstrap/internal/user/app/query/user_list.go:18.91,23.2 1 2
github.com/rubemlrm/go-api-bootstrap/internal/user/app/query/user_list.go:25.91,27.16 2 2
github.com/rubemlrm/go-api-bootstrap/internal/user/app/query/user_list.go:27.16,29.3 1 1
github.com/rubemlrm/go-api-bootstrap/internal/user/app/query/user_list.go:30.2,30.16 1 1
github.com/rubemlrm/go-api-bootstrap/internal/user/domain/user/user.go:28.68,35.16 2 3
github.com/rubemlrm/go-api-bootstrap/internal/user/domain/user/user.go:35.16,37.3 1 1
github.com/rubemlrm/go-api-bootstrap/internal/user/domain/user/user.go:39.2,40.16 2 2
github.com/rubemlrm/go-api-bootstrap/internal/user/domain/user/user.go:40.16,42.3 1 1
github.com/rubemlrm/go-api-bootstrap/internal/user/domain/user/user.go:43.2,43.12 1 1
github.com/rubemlrm/go-api-bootstrap/internal/user/domain/user/user.go:46.50,48.2 1 0
github.com/rubemlrm/go-api-bootstrap/internal/user/domain/user/user.go:57.50,59.2 1 1
github.com/rubemlrm/go-api-bootstrap/internal/user/factories/seed.go:11.61,16.28 4 2
github.com/rubemlrm/go-api-bootstrap/internal/user/factories/seed.go:16.28,19.3 2 3
github.com/rubemlrm/go-api-bootstrap/internal/user/factories/seed.go:21.2,24.12 3 2
github.com/rubemlrm/go-api-bootstrap/internal/user/factories/seed.go:27.43,30.30 3 3
github.com/rubemlrm/go-api-bootstrap/internal/user/factories/seed.go:30.30,32.3 1 6
github.com/rubemlrm/go-api-bootstrap/internal/user/factories/seed.go:34.2,34.11 1 3
github.com/rubemlrm/go-api-bootstrap/internal/user/factories/user.go:11.47,19.2 1 10
github.com/rubemlrm/go-api-bootstrap/internal/user/factories/user.go:21.59,27.2 1 1
github.com/rubemlrm/go-api-bootstrap/internal/user/factories/user.go:29.66,34.2 1 1
github.com/rubemlrm/go-api-bootstrap/internal/user/ports/http.go:26.80,31.2 1 9
github.com/rubemlrm/go-api-bootstrap/internal/user/ports/http.go:33.45,45.46 8 3
github.com/rubemlrm/go-api-bootstrap/internal/user/ports/http.go:45.46,49.3 3 1
github.com/rubemlrm/go-api-bootstrap/internal/user/ports/http.go:51.2,52.16 2 2
github.com/rubemlrm/go-api-bootstrap/internal/user/ports/http.go:52.16,56.3 3 1
github.com/rubemlrm/go-api-bootstrap/internal/user/ports/http.go:58.2,58.45 1 1
github.com/rubemlrm/go-api-bootstrap/internal/user/ports/http.go:61.47,65.16 4 3
github.com/rubemlrm/go-api-bootstrap/internal/user/ports/http.go:65.16,69.3 3 1
github.com/rubemlrm/go-api-bootstrap/internal/user/ports/http.go:70.2,70.43 1 2
github.com/rubemlrm/go-api-bootstrap/internal/user/ports/http.go:73.57,77.16 4 3
github.com/rubemlrm/go-api-bootstrap/internal/user/ports/http.go:77.16,81.3 3 1
github.com/rubemlrm/go-api-bootstrap/internal/user/ports/http.go:83.2,83.16 1 2
github.com/rubemlrm/go-api-bootstrap/internal/user/ports/http.go:83.16,87.3 3 1
github.com/rubemlrm/go-api-bootstrap/internal/user/ports/http.go:88.2,88.43 1 1
github.com/rubemlrm/go-api-bootstrap/internal/user/ports/openapi_api.gen.go:37.62,41.52 2 0
github.com/rubemlrm/go-api-bootstrap/internal/user/ports/openapi_api.gen.go:41.52,43.20 2 0
github.com/rubemlrm/go-api-bootstrap/internal/user/ports/openapi_api.gen.go:43.20,45.4 1 0
github.com/rubemlrm/go-api-bootstrap/internal/user/ports/openapi_api.gen.go:48.2,48.26 1 0
github.com/rubemlrm/go-api-bootstrap/internal/user/ports/openapi_api.gen.go:52.60,56.52 2 0
github.com/rubemlrm/go-api-bootstrap/internal/user/ports/openapi_api.gen.go:56.52,58.20 2 0
github.com/rubemlrm/go-api-bootstrap/internal/user/ports/openapi_api.gen.go:58.20,60.4 1 0
github.com/rubemlrm/go-api-bootstrap/internal/user/ports/openapi_api.gen.go:63.2,63.24 1 0
github.com/rubemlrm/go-api-bootstrap/internal/user/ports/openapi_api.gen.go:67.60,75.16 4 0
github.com/rubemlrm/go-api-bootstrap/internal/user/ports/openapi_api.gen.go:75.16,78.3 2 0
github.com/rubemlrm/go-api-bootstrap/internal/user/ports/openapi_api.gen.go:80.2,82.52 2 0
github.com/rubemlrm/go-api-bootstrap/internal/user/ports/openapi_api.gen.go:82.52,84.20 2 0
github.com/rubemlrm/go-api-bootstrap/internal/user/ports/openapi_api.gen.go:84.20,86.4 1 0
github.com/rubemlrm/go-api-bootstrap/internal/user/ports/openapi_api.gen.go:89.2,89.32 1 0
github.com/rubemlrm/go-api-bootstrap/internal/user/ports/openapi_api.gen.go:100.63,102.2 1 0
github.com/rubemlrm/go-api-bootstrap/internal/user/ports/openapi_api.gen.go:105.100,107.25 2 0
github.com/rubemlrm/go-api-bootstrap/internal/user/ports/openapi_api.gen.go:107.25,108.66 1 0
github.com/rubemlrm/go-api-bootstrap/internal/user/ports/openapi_api.gen.go:108.66,110.4 1 0
github.com/rubemlrm/go-api-bootstrap/internal/user/ports/openapi_api.gen.go:113.2,121.63 4 0
github.com/rubemlrm/go-api-bootstrap/internal/user/service/service.go:14.85,16.2 1 1
github.com/rubemlrm/go-api-bootstrap/internal/user/service/service.go:18.83,29.2 2 1
github.com/rubemlrm/go-api-bootstrap/internal/user/adapters/user_repository.go:21.72,26.2 1 8
github.com/rubemlrm/go-api-bootstrap/internal/user/adapters/user_repository.go:28.90,32.16 4 2
github.com/rubemlrm/go-api-bootstrap/internal/user/adapters/user_repository.go:32.16,34.3 1 1
github.com/rubemlrm/go-api-bootstrap/internal/user/adapters/user_repository.go:35.2,35.25 1 1
github.com/rubemlrm/go-api-bootstrap/internal/user/adapters/user_repository.go:38.82,40.16 2 3
github.com/rubemlrm/go-api-bootstrap/internal/user/adapters/user_repository.go:40.16,42.3 1 1
github.com/rubemlrm/go-api-bootstrap/internal/user/adapters/user_repository.go:44.2,46.16 3 2
github.com/rubemlrm/go-api-bootstrap/internal/user/adapters/user_repository.go:46.16,48.3 1 0
github.com/rubemlrm/go-api-bootstrap/internal/user/adapters/user_repository.go:49.2,49.18 1 2
github.com/rubemlrm/go-api-bootstrap/internal/user/adapters/user_repository.go:49.18,51.3 1 1
github.com/rubemlrm/go-api-bootstrap/internal/user/adapters/user_repository.go:52.2,53.16 2 1
github.com/rubemlrm/go-api-bootstrap/internal/user/adapters/user_repository.go:53.16,55.3 1 0
github.com/rubemlrm/go-api-bootstrap/internal/user/adapters/user_repository.go:57.2,57.16 1 1
github.com/rubemlrm/go-api-bootstrap/internal/user/adapters/user_repository.go:60.72,62.16 2 3
github.com/rubemlrm/go-api-bootstrap/internal/user/adapters/user_repository.go:62.16,64.3 1 1
github.com/rubemlrm/go-api-bootstrap/internal/user/adapters/user_repository.go:66.2,68.16 3 2
github.com/rubemlrm/go-api-bootstrap/internal/user/adapters/user_repository.go:68.16,70.3 1 0
github.com/rubemlrm/go-api-bootstrap/internal/user/adapters/user_repository.go:71.2,71.29 1 2
github.com/rubemlrm/go-api-bootstrap/internal/user/adapters/user_repository.go:71.29,73.3 1 2
github.com/rubemlrm/go-api-bootstrap/internal/user/adapters/user_repository.go:75.2,75.18 1 2
github.com/rubemlrm/go-api-bootstrap/internal/user/adapters/user_repository.go:75.18,78.17 3 5
github.com/rubemlrm/go-api-bootstrap/internal/user/adapters/user_repository.go:78.17,80.4 1 0
github.com/rubemlrm/go-api-bootstrap/internal/user/adapters/user_repository.go:81.3,81.21 1 5
github.com/rubemlrm/go-api-bootstrap/internal/user/adapters/user_repository.go:83.2,83.17 1 2
github.com/rubemlrm/go-api-bootstrap/internal/common/redis/redis.go:15.52,18.28 2 6
github.com/rubemlrm/go-api-bootstrap/internal/common/redis/redis.go:18.28,20.17 2 8
github.com/rubemlrm/go-api-bootstrap/internal/common/redis/redis.go:20.17,22.4 1 3
github.com/rubemlrm/go-api-bootstrap/internal/common/redis/redis.go:25.2,29.16 3 3
github.com/rubemlrm/go-api-bootstrap/internal/common/redis/redis.go:29.16,31.3 1 0
github.com/rubemlrm/go-api-bootstrap/internal/common/redis/redis.go:32.2,32.31 1 3
github.com/rubemlrm/go-api-bootstrap/internal/common/redis/redis.go:35.49,36.35 1 2
github.com/rubemlrm/go-api-bootstrap/internal/common/redis/redis.go:36.35,37.21 1 2
github.com/rubemlrm/go-api-bootstrap/internal/common/redis/redis.go:37.21,39.4 1 1
github.com/rubemlrm/go-api-bootstrap/internal/common/redis/redis.go:40.3,41.13 2 1
github.com/rubemlrm/go-api-bootstrap/internal/common/redis/redis.go:45.38,46.35 1 6
github.com/rubemlrm/go-api-bootstrap/internal/common/redis/redis.go:46.35,47.20 1 6
github.com/rubemlrm/go-api-bootstrap/internal/common/redis/redis.go:47.20,49.4 1 1
github.com/rubemlrm/go-api-bootstrap/internal/common/redis/redis.go:50.3,51.17 2 5
github.com/rubemlrm/go-api-bootstrap/internal/common/redis/redis.go:51.17,53.4 1 1
github.com/rubemlrm/go-api-bootstrap/internal/common/redis/redis.go:54.3,55.13 2 4
github.com/rubemlrm/go-api-bootstrap/internal/common/postgres/postgres.go:27.85,35.33 2 2
github.com/rubemlrm/go-api-bootstrap/internal/common/postgres/postgres.go:35.33,37.3 1 18
github.com/rubemlrm/go-api-bootstrap/internal/common/postgres/postgres.go:38.2,41.16 3 2
github.com/rubemlrm/go-api-bootstrap/internal/common/postgres/postgres.go:41.16,44.3 2 0
github.com/rubemlrm/go-api-bootstrap/internal/common/postgres/postgres.go:47.2,47.34 1 2
github.com/rubemlrm/go-api-bootstrap/internal/common/postgres/postgres.go:47.34,50.3 2 1
github.com/rubemlrm/go-api-bootstrap/internal/common/postgres/postgres.go:52.2,55.16 4 1
github.com/rubemlrm/go-api-bootstrap/internal/common/postgres/postgres.go:58.44,59.35 1 2
github.com/rubemlrm/go-api-bootstrap/internal/common/postgres/postgres.go:59.35,61.3 1 2
github.com/rubemlrm/go-api-bootstrap/internal/common/postgres/postgres.go:64.44,65.35 1 2
github.com/rubemlrm/go-api-bootstrap/internal/common/postgres/postgres.go:65.35,67.3 1 2
github.com/rubemlrm/go-api-bootstrap/internal/common/postgres/postgres.go:70.40,71.35 1 2
github.com/rubemlrm/go-api-bootstrap/internal/common/postgres/postgres.go:71.35,73.3 1 2
github.com/rubemlrm/go-api-bootstrap/internal/common/postgres/postgres.go:76.42,77.35 1 2
github.com/rubemlrm/go-api-bootstrap/internal/common/postgres/postgres.go:77.35,79.3 1 2
github.com/rubemlrm/go-api-bootstrap/internal/common/postgres/postgres.go:82.40,83.35 1 2
github.com/rubemlrm/go-api-bootstrap/internal/common/postgres/postgres.go:83.35,85.3 1 2
github.com/rubemlrm/go-api-bootstrap/internal/common/postgres/postgres.go:88.43,89.35 1 2
github.com/rubemlrm/go-api-bootstrap/internal/common/postgres/postgres.go:89.35,91.3 1 2
github.com/rubemlrm/go-api-bootstrap/internal/common/postgres/postgres.go:94.45,95.35 1 2
github.com/rubemlrm/go-api-bootstrap/internal/common/postgres/postgres.go:95.35,97.3 1 2
github.com/rubemlrm/go-api-bootstrap/internal/common/postgres/postgres.go:100.45,101.35 1 2
github.com/rubemlrm/go-api-bootstrap/internal/common/postgres/postgres.go:101.35,103.3 1 2
github.com/rubemlrm/go-api-bootstrap/internal/common/postgres/postgres.go:106.55,107.35 1 2
github.com/rubemlrm/go-api-bootstrap/internal/common/postgres/postgres.go:107.35,109.3 1 2
github.com/rubemlrm/go-api-bootstrap/internal/common/postgres/postgres.go:112.61,113.42 1 2
github.com/rubemlrm/go-api-bootstrap/internal/common/postgres/postgres.go:113.42,115.3 1 2
github.com/rubemlrm/go-api-bootstrap/internal/common/postgres/postgres.go:116.2,116.91 1 0
