mode: atomic
github.com/rubemlrm/go-api-bootstrap/cmd/app/main.go:19.13,21.16 2 0
github.com/rubemlrm/go-api-bootstrap/cmd/app/main.go:21.16,23.3 1 0
github.com/rubemlrm/go-api-bootstrap/cmd/app/main.go:24.2,24.15 1 0
github.com/rubemlrm/go-api-bootstrap/cmd/app/main.go:24.15,25.59 1 0
github.com/rubemlrm/go-api-bootstrap/cmd/app/main.go:25.59,27.4 1 0
github.com/rubemlrm/go-api-bootstrap/cmd/app/main.go:29.2,31.16 2 0
github.com/rubemlrm/go-api-bootstrap/cmd/app/main.go:31.16,32.13 1 0
github.com/rubemlrm/go-api-bootstrap/cmd/app/main.go:37.2,46.16 6 0
github.com/rubemlrm/go-api-bootstrap/cmd/app/main.go:46.16,47.13 1 0
github.com/rubemlrm/go-api-bootstrap/cmd/app/main.go:51.87,53.32 2 0
github.com/rubemlrm/go-api-bootstrap/cmd/app/main.go:53.32,58.3 2 0
github.com/rubemlrm/go-api-bootstrap/cmd/app/main.go:59.2,61.16 2 0
github.com/rubemlrm/go-api-bootstrap/cmd/app/main.go:61.16,63.3 1 0
github.com/rubemlrm/go-api-bootstrap/cmd/app/main.go:65.2,66.16 2 0
github.com/rubemlrm/go-api-bootstrap/cmd/app/main.go:66.16,68.3 1 0
github.com/rubemlrm/go-api-bootstrap/cmd/app/main.go:69.2,69.12 1 0
github.com/rubemlrm/go-api-bootstrap/internal/common/decorator/mocks/mock_CommandHandler.go:20.75,22.2 1 0
github.com/rubemlrm/go-api-bootstrap/internal/common/decorator/mocks/mock_CommandHandler.go:25.80,28.19 2 0
github.com/rubemlrm/go-api-bootstrap/internal/common/decorator/mocks/mock_CommandHandler.go:28.19,29.48 1 0
github.com/rubemlrm/go-api-bootstrap/internal/common/decorator/mocks/mock_CommandHandler.go:32.2,34.68 3 0
github.com/rubemlrm/go-api-bootstrap/internal/common/decorator/mocks/mock_CommandHandler.go:34.68,36.3 1 0
github.com/rubemlrm/go-api-bootstrap/internal/common/decorator/mocks/mock_CommandHandler.go:37.2,37.59 1 0
github.com/rubemlrm/go-api-bootstrap/internal/common/decorator/mocks/mock_CommandHandler.go:37.59,39.3 1 0
github.com/rubemlrm/go-api-bootstrap/internal/common/decorator/mocks/mock_CommandHandler.go:39.8,40.24 1 0
github.com/rubemlrm/go-api-bootstrap/internal/common/decorator/mocks/mock_CommandHandler.go:40.24,42.4 1 0
github.com/rubemlrm/go-api-bootstrap/internal/common/decorator/mocks/mock_CommandHandler.go:45.2,45.63 1 0
github.com/rubemlrm/go-api-bootstrap/internal/common/decorator/mocks/mock_CommandHandler.go:45.63,47.3 1 0
github.com/rubemlrm/go-api-bootstrap/internal/common/decorator/mocks/mock_CommandHandler.go:47.8,49.3 1 0
github.com/rubemlrm/go-api-bootstrap/internal/common/decorator/mocks/mock_CommandHandler.go:51.2,51.15 1 0
github.com/rubemlrm/go-api-bootstrap/internal/common/decorator/mocks/mock_CommandHandler.go:62.119,64.2 1 0
github.com/rubemlrm/go-api-bootstrap/internal/common/decorator/mocks/mock_CommandHandler.go:66.123,67.40 1 0
github.com/rubemlrm/go-api-bootstrap/internal/common/decorator/mocks/mock_CommandHandler.go:67.40,69.3 1 0
github.com/rubemlrm/go-api-bootstrap/internal/common/decorator/mocks/mock_CommandHandler.go:70.2,70.11 1 0
github.com/rubemlrm/go-api-bootstrap/internal/common/decorator/mocks/mock_CommandHandler.go:73.106,76.2 2 0
github.com/rubemlrm/go-api-bootstrap/internal/common/decorator/mocks/mock_CommandHandler.go:78.135,81.2 2 0
github.com/rubemlrm/go-api-bootstrap/internal/common/decorator/mocks/mock_CommandHandler.go:88.27,92.19 3 0
github.com/rubemlrm/go-api-bootstrap/internal/common/decorator/mocks/mock_CommandHandler.go:92.19,92.49 1 0
github.com/rubemlrm/go-api-bootstrap/internal/common/decorator/mocks/mock_CommandHandler.go:94.2,94.13 1 0
github.com/rubemlrm/go-api-bootstrap/internal/common/decorator/mocks/mock_QueryHandler.go:20.77,22.2 1 0
github.com/rubemlrm/go-api-bootstrap/internal/common/decorator/mocks/mock_QueryHandler.go:25.79,28.19 2 0
github.com/rubemlrm/go-api-bootstrap/internal/common/decorator/mocks/mock_QueryHandler.go:28.19,29.48 1 0
github.com/rubemlrm/go-api-bootstrap/internal/common/decorator/mocks/mock_QueryHandler.go:32.2,34.68 3 0
github.com/rubemlrm/go-api-bootstrap/internal/common/decorator/mocks/mock_QueryHandler.go:34.68,36.3 1 0
github.com/rubemlrm/go-api-bootstrap/internal/common/decorator/mocks/mock_QueryHandler.go:37.2,37.59 1 0
github.com/rubemlrm/go-api-bootstrap/internal/common/decorator/mocks/mock_QueryHandler.go:37.59,39.3 1 0
github.com/rubemlrm/go-api-bootstrap/internal/common/decorator/mocks/mock_QueryHandler.go:39.8,40.24 1 0
github.com/rubemlrm/go-api-bootstrap/internal/common/decorator/mocks/mock_QueryHandler.go:40.24,42.4 1 0
github.com/rubemlrm/go-api-bootstrap/internal/common/decorator/mocks/mock_QueryHandler.go:45.2,45.63 1 0
github.com/rubemlrm/go-api-bootstrap/internal/common/decorator/mocks/mock_QueryHandler.go:45.63,47.3 1 0
github.com/rubemlrm/go-api-bootstrap/internal/common/decorator/mocks/mock_QueryHandler.go:47.8,49.3 1 0
github.com/rubemlrm/go-api-bootstrap/internal/common/decorator/mocks/mock_QueryHandler.go:51.2,51.15 1 0
github.com/rubemlrm/go-api-bootstrap/internal/common/decorator/mocks/mock_QueryHandler.go:62.119,64.2 1 0
github.com/rubemlrm/go-api-bootstrap/internal/common/decorator/mocks/mock_QueryHandler.go:66.123,67.40 1 0
github.com/rubemlrm/go-api-bootstrap/internal/common/decorator/mocks/mock_QueryHandler.go:67.40,69.3 1 0
github.com/rubemlrm/go-api-bootstrap/internal/common/decorator/mocks/mock_QueryHandler.go:70.2,70.11 1 0
github.com/rubemlrm/go-api-bootstrap/internal/common/decorator/mocks/mock_QueryHandler.go:73.108,76.2 2 0
github.com/rubemlrm/go-api-bootstrap/internal/common/decorator/mocks/mock_QueryHandler.go:78.137,81.2 2 0
github.com/rubemlrm/go-api-bootstrap/internal/common/decorator/mocks/mock_QueryHandler.go:88.28,92.19 3 0
github.com/rubemlrm/go-api-bootstrap/internal/common/decorator/mocks/mock_QueryHandler.go:92.19,92.49 1 0
github.com/rubemlrm/go-api-bootstrap/internal/common/decorator/mocks/mock_QueryHandler.go:94.2,94.13 1 0
github.com/rubemlrm/go-api-bootstrap/internal/common/gin/errors.go:9.49,11.2 1 0
github.com/rubemlrm/go-api-bootstrap/internal/common/goose/goose.go:15.38,18.16 3 0
github.com/rubemlrm/go-api-bootstrap/internal/common/goose/goose.go:18.16,20.3 1 0
github.com/rubemlrm/go-api-bootstrap/internal/common/goose/goose.go:21.2,28.53 6 0
github.com/rubemlrm/go-api-bootstrap/internal/common/goose/goose.go:28.53,29.13 1 0
github.com/rubemlrm/go-api-bootstrap/internal/common/goose/goose.go:32.2,32.53 1 0
github.com/rubemlrm/go-api-bootstrap/internal/common/goose/goose.go:32.53,33.13 1 0
github.com/rubemlrm/go-api-bootstrap/internal/common/goose/goose.go:35.2,35.12 1 0
github.com/rubemlrm/go-api-bootstrap/internal/common/goose/goose.go:38.43,41.16 3 0
github.com/rubemlrm/go-api-bootstrap/internal/common/goose/goose.go:41.16,43.3 1 0
github.com/rubemlrm/go-api-bootstrap/internal/common/goose/goose.go:44.2,51.53 6 0
github.com/rubemlrm/go-api-bootstrap/internal/common/goose/goose.go:51.53,52.13 1 0
github.com/rubemlrm/go-api-bootstrap/internal/common/goose/goose.go:55.2,55.55 1 0
github.com/rubemlrm/go-api-bootstrap/internal/common/goose/goose.go:55.55,56.13 1 0
github.com/rubemlrm/go-api-bootstrap/internal/common/goose/goose.go:58.2,58.12 1 0
github.com/rubemlrm/go-api-bootstrap/internal/common/logger/slog.go:11.48,16.34 2 0
github.com/rubemlrm/go-api-bootstrap/internal/common/logger/slog.go:16.34,18.3 1 0
github.com/rubemlrm/go-api-bootstrap/internal/common/logger/slog.go:19.2,19.28 1 0
github.com/rubemlrm/go-api-bootstrap/internal/common/logger/slog.go:22.40,23.19 1 0
github.com/rubemlrm/go-api-bootstrap/internal/common/logger/slog.go:23.19,25.3 1 0
github.com/rubemlrm/go-api-bootstrap/internal/common/logger/slog.go:26.2,26.23 1 0
github.com/rubemlrm/go-api-bootstrap/internal/common/logger/slog.go:29.58,32.2 2 0
github.com/rubemlrm/go-api-bootstrap/internal/common/logger/slog.go:34.58,37.2 2 0
github.com/rubemlrm/go-api-bootstrap/internal/common/logger/mocks/mock_Logging.go:22.55,24.2 1 0
github.com/rubemlrm/go-api-bootstrap/internal/common/logger/mocks/mock_Logging.go:27.66,31.65 3 0
github.com/rubemlrm/go-api-bootstrap/internal/common/logger/mocks/mock_Logging.go:31.65,33.3 1 0
github.com/rubemlrm/go-api-bootstrap/internal/common/logger/mocks/mock_Logging.go:33.8,34.24 1 0
github.com/rubemlrm/go-api-bootstrap/internal/common/logger/mocks/mock_Logging.go:34.24,36.4 1 0
github.com/rubemlrm/go-api-bootstrap/internal/common/logger/mocks/mock_Logging.go:39.2,39.11 1 0
github.com/rubemlrm/go-api-bootstrap/internal/common/logger/mocks/mock_Logging.go:49.88,51.2 1 0
github.com/rubemlrm/go-api-bootstrap/internal/common/logger/mocks/mock_Logging.go:53.100,54.40 1 0
github.com/rubemlrm/go-api-bootstrap/internal/common/logger/mocks/mock_Logging.go:54.40,56.3 1 0
github.com/rubemlrm/go-api-bootstrap/internal/common/logger/mocks/mock_Logging.go:57.2,57.11 1 0
github.com/rubemlrm/go-api-bootstrap/internal/common/logger/mocks/mock_Logging.go:60.92,63.2 2 0
github.com/rubemlrm/go-api-bootstrap/internal/common/logger/mocks/mock_Logging.go:65.118,68.2 2 0
github.com/rubemlrm/go-api-bootstrap/internal/common/logger/mocks/mock_Logging.go:75.17,79.19 3 0
github.com/rubemlrm/go-api-bootstrap/internal/common/logger/mocks/mock_Logging.go:79.19,79.49 1 0
github.com/rubemlrm/go-api-bootstrap/internal/common/logger/mocks/mock_Logging.go:81.2,81.13 1 0
github.com/rubemlrm/go-api-bootstrap/internal/common/metrics/main.go:18.18,21.16 3 0
github.com/rubemlrm/go-api-bootstrap/internal/common/metrics/main.go:21.16,23.3 1 0
github.com/rubemlrm/go-api-bootstrap/internal/common/metrics/main.go:24.2,27.16 4 0
github.com/rubemlrm/go-api-bootstrap/internal/common/metrics/main.go:27.16,29.3 1 0
github.com/rubemlrm/go-api-bootstrap/internal/common/metrics/main.go:30.2,37.12 4 0
github.com/rubemlrm/go-api-bootstrap/internal/common/metrics/main.go:37.12,41.17 4 0
github.com/rubemlrm/go-api-bootstrap/internal/common/metrics/main.go:41.17,44.4 2 0
github.com/rubemlrm/go-api-bootstrap/internal/common/postgres/postgres.go:12.71,15.16 3 0
github.com/rubemlrm/go-api-bootstrap/internal/common/postgres/postgres.go:15.16,17.3 1 0
github.com/rubemlrm/go-api-bootstrap/internal/common/postgres/postgres.go:19.2,22.11 4 0
github.com/rubemlrm/go-api-bootstrap/internal/common/config/config.go:43.53,51.16 6 4
github.com/rubemlrm/go-api-bootstrap/internal/common/config/config.go:51.16,53.3 1 1
github.com/rubemlrm/go-api-bootstrap/internal/common/config/config.go:54.2,59.16 5 3
github.com/rubemlrm/go-api-bootstrap/internal/common/config/config.go:59.16,61.3 1 1
github.com/rubemlrm/go-api-bootstrap/internal/common/config/config.go:62.2,62.17 1 2
github.com/rubemlrm/go-api-bootstrap/internal/common/http/gin/handler.go:18.26,23.2 2 1
github.com/rubemlrm/go-api-bootstrap/internal/common/http/gin/handler.go:25.74,31.53 6 1
github.com/rubemlrm/go-api-bootstrap/internal/common/http/gin/handler.go:31.53,33.3 1 1
github.com/rubemlrm/go-api-bootstrap/internal/common/http/gin/handler.go:34.2,34.18 1 1
github.com/rubemlrm/go-api-bootstrap/internal/common/http/gin/handler.go:37.43,39.2 1 0
github.com/rubemlrm/go-api-bootstrap/internal/common/http/gin/handler.go:41.37,42.30 1 1
github.com/rubemlrm/go-api-bootstrap/internal/common/http/gin/handler.go:42.30,44.17 2 2
github.com/rubemlrm/go-api-bootstrap/internal/common/http/gin/handler.go:44.17,46.4 1 0
github.com/rubemlrm/go-api-bootstrap/internal/common/http/gin/handler.go:47.3,48.11 2 2
github.com/rubemlrm/go-api-bootstrap/internal/common/testcontainers/postgres.go:18.82,29.48 1 0
github.com/rubemlrm/go-api-bootstrap/internal/common/testcontainers/postgres.go:29.48,31.5 1 0
github.com/rubemlrm/go-api-bootstrap/internal/common/testcontainers/postgres.go:34.2,38.16 2 0
github.com/rubemlrm/go-api-bootstrap/internal/common/testcontainers/postgres.go:38.16,39.13 1 0
github.com/rubemlrm/go-api-bootstrap/internal/common/testcontainers/postgres.go:42.2,43.16 2 0
github.com/rubemlrm/go-api-bootstrap/internal/common/testcontainers/postgres.go:43.16,44.13 1 0
github.com/rubemlrm/go-api-bootstrap/internal/common/testcontainers/postgres.go:47.2,48.16 2 0
github.com/rubemlrm/go-api-bootstrap/internal/common/testcontainers/postgres.go:48.16,49.13 1 0
github.com/rubemlrm/go-api-bootstrap/internal/common/testcontainers/postgres.go:52.2,57.8 2 0
github.com/rubemlrm/go-api-bootstrap/internal/common/testcontainers/redis.go:18.76,34.16 3 0
github.com/rubemlrm/go-api-bootstrap/internal/common/testcontainers/redis.go:34.16,35.13 1 0
github.com/rubemlrm/go-api-bootstrap/internal/common/testcontainers/redis.go:38.2,39.16 2 0
github.com/rubemlrm/go-api-bootstrap/internal/common/testcontainers/redis.go:39.16,40.13 1 0
github.com/rubemlrm/go-api-bootstrap/internal/common/testcontainers/redis.go:43.2,44.16 2 0
github.com/rubemlrm/go-api-bootstrap/internal/common/testcontainers/redis.go:44.16,45.13 1 0
github.com/rubemlrm/go-api-bootstrap/internal/common/testcontainers/redis.go:47.2,50.8 1 0
github.com/rubemlrm/go-api-bootstrap/internal/common/testcontainers/redis.go:53.84,69.16 3 0
github.com/rubemlrm/go-api-bootstrap/internal/common/testcontainers/redis.go:69.16,70.13 1 0
github.com/rubemlrm/go-api-bootstrap/internal/common/testcontainers/redis.go:73.2,74.16 2 0
github.com/rubemlrm/go-api-bootstrap/internal/common/testcontainers/redis.go:74.16,75.13 1 0
github.com/rubemlrm/go-api-bootstrap/internal/common/testcontainers/redis.go:78.2,79.16 2 0
github.com/rubemlrm/go-api-bootstrap/internal/common/testcontainers/redis.go:79.16,80.13 1 0
github.com/rubemlrm/go-api-bootstrap/internal/common/testcontainers/redis.go:82.2,85.8 1 0
github.com/rubemlrm/go-api-bootstrap/internal/common/tracing/main.go:15.53,23.16 2 0
github.com/rubemlrm/go-api-bootstrap/internal/common/tracing/main.go:23.16,25.3 1 0
github.com/rubemlrm/go-api-bootstrap/internal/common/tracing/main.go:26.2,38.16 6 0
github.com/rubemlrm/go-api-bootstrap/internal/common/validations/mocks/mock_Option.go:19.53,21.2 1 0
github.com/rubemlrm/go-api-bootstrap/internal/common/validations/mocks/mock_Option.go:24.63,27.19 2 0
github.com/rubemlrm/go-api-bootstrap/internal/common/validations/mocks/mock_Option.go:27.19,28.49 1 0
github.com/rubemlrm/go-api-bootstrap/internal/common/validations/mocks/mock_Option.go:31.2,32.67 2 0
github.com/rubemlrm/go-api-bootstrap/internal/common/validations/mocks/mock_Option.go:32.67,34.3 1 0
github.com/rubemlrm/go-api-bootstrap/internal/common/validations/mocks/mock_Option.go:34.8,36.3 1 0
github.com/rubemlrm/go-api-bootstrap/internal/common/validations/mocks/mock_Option.go:38.2,38.11 1 0
github.com/rubemlrm/go-api-bootstrap/internal/common/validations/mocks/mock_Option.go:48.80,50.2 1 0
github.com/rubemlrm/go-api-bootstrap/internal/common/validations/mocks/mock_Option.go:52.101,53.40 1 0
github.com/rubemlrm/go-api-bootstrap/internal/common/validations/mocks/mock_Option.go:53.40,55.3 1 0
github.com/rubemlrm/go-api-bootstrap/internal/common/validations/mocks/mock_Option.go:56.2,56.11 1 0
github.com/rubemlrm/go-api-bootstrap/internal/common/validations/mocks/mock_Option.go:59.79,62.2 2 0
github.com/rubemlrm/go-api-bootstrap/internal/common/validations/mocks/mock_Option.go:64.114,67.2 2 0
github.com/rubemlrm/go-api-bootstrap/internal/common/validations/mocks/mock_Option.go:74.16,78.19 3 0
github.com/rubemlrm/go-api-bootstrap/internal/common/validations/mocks/mock_Option.go:78.19,78.49 1 0
github.com/rubemlrm/go-api-bootstrap/internal/common/validations/mocks/mock_Option.go:80.2,80.13 1 0
github.com/rubemlrm/go-api-bootstrap/internal/common/validations/mocks/mock_Validater.go:16.59,18.2 1 0
github.com/rubemlrm/go-api-bootstrap/internal/common/validations/mocks/mock_Validater.go:21.54,24.19 2 0
github.com/rubemlrm/go-api-bootstrap/internal/common/validations/mocks/mock_Validater.go:24.19,25.47 1 0
github.com/rubemlrm/go-api-bootstrap/internal/common/validations/mocks/mock_Validater.go:28.2,29.55 2 0
github.com/rubemlrm/go-api-bootstrap/internal/common/validations/mocks/mock_Validater.go:29.55,31.3 1 0
github.com/rubemlrm/go-api-bootstrap/internal/common/validations/mocks/mock_Validater.go:31.8,33.3 1 0
github.com/rubemlrm/go-api-bootstrap/internal/common/validations/mocks/mock_Validater.go:35.2,35.11 1 0
github.com/rubemlrm/go-api-bootstrap/internal/common/validations/mocks/mock_Validater.go:45.84,47.2 1 0
github.com/rubemlrm/go-api-bootstrap/internal/common/validations/mocks/mock_Validater.go:49.94,50.40 1 0
github.com/rubemlrm/go-api-bootstrap/internal/common/validations/mocks/mock_Validater.go:50.40,52.3 1 0
github.com/rubemlrm/go-api-bootstrap/internal/common/validations/mocks/mock_Validater.go:53.2,53.11 1 0
github.com/rubemlrm/go-api-bootstrap/internal/common/validations/mocks/mock_Validater.go:56.80,59.2 2 0
github.com/rubemlrm/go-api-bootstrap/internal/common/validations/mocks/mock_Validater.go:61.104,64.2 2 0
github.com/rubemlrm/go-api-bootstrap/internal/common/validations/mocks/mock_Validater.go:67.71,70.19 2 0
github.com/rubemlrm/go-api-bootstrap/internal/common/validations/mocks/mock_Validater.go:70.19,71.63 1 0
github.com/rubemlrm/go-api-bootstrap/internal/common/validations/mocks/mock_Validater.go:74.2,75.56 2 0
github.com/rubemlrm/go-api-bootstrap/internal/common/validations/mocks/mock_Validater.go:75.56,77.3 1 0
github.com/rubemlrm/go-api-bootstrap/internal/common/validations/mocks/mock_Validater.go:77.8,79.3 1 0
github.com/rubemlrm/go-api-bootstrap/internal/common/validations/mocks/mock_Validater.go:81.2,81.11 1 0
github.com/rubemlrm/go-api-bootstrap/internal/common/validations/mocks/mock_Validater.go:91.116,93.2 1 0
github.com/rubemlrm/go-api-bootstrap/internal/common/validations/mocks/mock_Validater.go:95.126,96.40 1 0
github.com/rubemlrm/go-api-bootstrap/internal/common/validations/mocks/mock_Validater.go:96.40,98.3 1 0
github.com/rubemlrm/go-api-bootstrap/internal/common/validations/mocks/mock_Validater.go:99.2,99.11 1 0
github.com/rubemlrm/go-api-bootstrap/internal/common/validations/mocks/mock_Validater.go:102.113,105.2 2 0
github.com/rubemlrm/go-api-bootstrap/internal/common/validations/mocks/mock_Validater.go:107.137,110.2 2 0
github.com/rubemlrm/go-api-bootstrap/internal/common/validations/mocks/mock_Validater.go:117.19,121.19 3 0
github.com/rubemlrm/go-api-bootstrap/internal/common/validations/mocks/mock_Validater.go:121.19,121.49 1 0
github.com/rubemlrm/go-api-bootstrap/internal/common/validations/mocks/mock_Validater.go:123.2,123.13 1 0
github.com/rubemlrm/go-api-bootstrap/internal/common/validations/mocks/mock_ValidationFunc.go:19.69,21.2 1 0
github.com/rubemlrm/go-api-bootstrap/internal/common/validations/mocks/mock_ValidationFunc.go:24.110,26.22 2 0
github.com/rubemlrm/go-api-bootstrap/internal/common/validations/mocks/mock_ValidationFunc.go:26.22,28.3 1 0
github.com/rubemlrm/go-api-bootstrap/internal/common/validations/mocks/mock_ValidationFunc.go:29.2,34.19 5 0
github.com/rubemlrm/go-api-bootstrap/internal/common/validations/mocks/mock_ValidationFunc.go:34.19,35.49 1 0
github.com/rubemlrm/go-api-bootstrap/internal/common/validations/mocks/mock_ValidationFunc.go:38.2,40.100 3 0
github.com/rubemlrm/go-api-bootstrap/internal/common/validations/mocks/mock_ValidationFunc.go:40.100,42.3 1 0
github.com/rubemlrm/go-api-bootstrap/internal/common/validations/mocks/mock_ValidationFunc.go:43.2,43.91 1 0
github.com/rubemlrm/go-api-bootstrap/internal/common/validations/mocks/mock_ValidationFunc.go:43.91,45.3 1 0
github.com/rubemlrm/go-api-bootstrap/internal/common/validations/mocks/mock_ValidationFunc.go:45.8,46.24 1 0
github.com/rubemlrm/go-api-bootstrap/internal/common/validations/mocks/mock_ValidationFunc.go:46.24,48.4 1 0
github.com/rubemlrm/go-api-bootstrap/internal/common/validations/mocks/mock_ValidationFunc.go:51.2,51.74 1 0
github.com/rubemlrm/go-api-bootstrap/internal/common/validations/mocks/mock_ValidationFunc.go:51.74,53.3 1 0
github.com/rubemlrm/go-api-bootstrap/internal/common/validations/mocks/mock_ValidationFunc.go:53.8,55.3 1 0
github.com/rubemlrm/go-api-bootstrap/internal/common/validations/mocks/mock_ValidationFunc.go:57.2,57.15 1 0
github.com/rubemlrm/go-api-bootstrap/internal/common/validations/mocks/mock_ValidationFunc.go:68.118,71.2 1 0
github.com/rubemlrm/go-api-bootstrap/internal/common/validations/mocks/mock_ValidationFunc.go:73.130,74.40 1 0
github.com/rubemlrm/go-api-bootstrap/internal/common/validations/mocks/mock_ValidationFunc.go:74.40,76.30 2 0
github.com/rubemlrm/go-api-bootstrap/internal/common/validations/mocks/mock_ValidationFunc.go:76.30,77.16 1 0
github.com/rubemlrm/go-api-bootstrap/internal/common/validations/mocks/mock_ValidationFunc.go:77.16,79.5 1 0
github.com/rubemlrm/go-api-bootstrap/internal/common/validations/mocks/mock_ValidationFunc.go:81.3,81.41 1 0
github.com/rubemlrm/go-api-bootstrap/internal/common/validations/mocks/mock_ValidationFunc.go:83.2,83.11 1 0
github.com/rubemlrm/go-api-bootstrap/internal/common/validations/mocks/mock_ValidationFunc.go:86.123,89.2 2 0
github.com/rubemlrm/go-api-bootstrap/internal/common/validations/mocks/mock_ValidationFunc.go:91.163,94.2 2 0
github.com/rubemlrm/go-api-bootstrap/internal/common/validations/mocks/mock_ValidationFunc.go:101.24,105.19 3 0
github.com/rubemlrm/go-api-bootstrap/internal/common/validations/mocks/mock_ValidationFunc.go:105.19,105.49 1 0
github.com/rubemlrm/go-api-bootstrap/internal/common/validations/mocks/mock_ValidationFunc.go:107.2,107.13 1 0
github.com/rubemlrm/go-api-bootstrap/internal/common/validations/validator.go:28.64,40.28 6 14
github.com/rubemlrm/go-api-bootstrap/internal/common/validations/validator.go:40.28,42.17 2 12
github.com/rubemlrm/go-api-bootstrap/internal/common/validations/validator.go:42.17,44.4 1 6
github.com/rubemlrm/go-api-bootstrap/internal/common/validations/validator.go:47.2,47.23 1 8
github.com/rubemlrm/go-api-bootstrap/internal/common/validations/validator.go:50.48,51.34 1 3
github.com/rubemlrm/go-api-bootstrap/internal/common/validations/validator.go:51.34,52.18 1 3
github.com/rubemlrm/go-api-bootstrap/internal/common/validations/validator.go:52.18,54.4 1 1
github.com/rubemlrm/go-api-bootstrap/internal/common/validations/validator.go:55.3,55.71 1 2
github.com/rubemlrm/go-api-bootstrap/internal/common/validations/validator.go:55.71,57.19 2 4
github.com/rubemlrm/go-api-bootstrap/internal/common/validations/validator.go:57.19,59.5 1 2
github.com/rubemlrm/go-api-bootstrap/internal/common/validations/validator.go:60.4,60.15 1 2
github.com/rubemlrm/go-api-bootstrap/internal/common/validations/validator.go:62.3,62.13 1 2
github.com/rubemlrm/go-api-bootstrap/internal/common/validations/validator.go:65.63,66.34 1 6
github.com/rubemlrm/go-api-bootstrap/internal/common/validations/validator.go:66.34,67.16 1 6
github.com/rubemlrm/go-api-bootstrap/internal/common/validations/validator.go:67.16,69.4 1 1
github.com/rubemlrm/go-api-bootstrap/internal/common/validations/validator.go:71.3,71.20 1 5
github.com/rubemlrm/go-api-bootstrap/internal/common/validations/validator.go:71.20,73.4 1 2
github.com/rubemlrm/go-api-bootstrap/internal/common/validations/validator.go:74.3,74.91 1 3
github.com/rubemlrm/go-api-bootstrap/internal/common/validations/validator.go:74.91,76.4 1 3
github.com/rubemlrm/go-api-bootstrap/internal/common/validations/validator.go:76.54,79.4 2 1
github.com/rubemlrm/go-api-bootstrap/internal/common/validations/validator.go:80.3,80.13 1 3
github.com/rubemlrm/go-api-bootstrap/internal/common/validations/validator.go:84.62,85.34 1 3
github.com/rubemlrm/go-api-bootstrap/internal/common/validations/validator.go:85.34,86.16 1 3
github.com/rubemlrm/go-api-bootstrap/internal/common/validations/validator.go:86.16,88.4 1 1
github.com/rubemlrm/go-api-bootstrap/internal/common/validations/validator.go:90.3,90.16 1 2
github.com/rubemlrm/go-api-bootstrap/internal/common/validations/validator.go:90.16,92.4 1 1
github.com/rubemlrm/go-api-bootstrap/internal/common/validations/validator.go:93.3,93.48 1 1
github.com/rubemlrm/go-api-bootstrap/internal/common/validations/validator.go:97.50,99.16 2 4
github.com/rubemlrm/go-api-bootstrap/internal/common/validations/validator.go:99.16,101.3 1 3
github.com/rubemlrm/go-api-bootstrap/internal/common/validations/validator.go:102.2,102.12 1 1
github.com/rubemlrm/go-api-bootstrap/internal/common/validations/validator.go:105.66,107.16 2 2
github.com/rubemlrm/go-api-bootstrap/internal/common/validations/validator.go:107.16,111.3 3 1
github.com/rubemlrm/go-api-bootstrap/internal/common/validations/validator.go:112.2,112.12 1 1
github.com/rubemlrm/go-api-bootstrap/internal/user/app/command/mocks/mock_CreateUserHandler.go:21.75,23.2 1 0
github.com/rubemlrm/go-api-bootstrap/internal/user/app/command/mocks/mock_CreateUserHandler.go:26.101,29.19 2 0
github.com/rubemlrm/go-api-bootstrap/internal/user/app/command/mocks/mock_CreateUserHandler.go:29.19,30.48 1 0
github.com/rubemlrm/go-api-bootstrap/internal/user/app/command/mocks/mock_CreateUserHandler.go:33.2,35.89 3 0
github.com/rubemlrm/go-api-bootstrap/internal/user/app/command/mocks/mock_CreateUserHandler.go:35.89,37.3 1 0
github.com/rubemlrm/go-api-bootstrap/internal/user/app/command/mocks/mock_CreateUserHandler.go:38.2,38.80 1 0
github.com/rubemlrm/go-api-bootstrap/internal/user/app/command/mocks/mock_CreateUserHandler.go:38.80,40.3 1 0
github.com/rubemlrm/go-api-bootstrap/internal/user/app/command/mocks/mock_CreateUserHandler.go:40.8,42.3 1 0
github.com/rubemlrm/go-api-bootstrap/internal/user/app/command/mocks/mock_CreateUserHandler.go:44.2,44.78 1 0
github.com/rubemlrm/go-api-bootstrap/internal/user/app/command/mocks/mock_CreateUserHandler.go:44.78,46.3 1 0
github.com/rubemlrm/go-api-bootstrap/internal/user/app/command/mocks/mock_CreateUserHandler.go:46.8,48.3 1 0
github.com/rubemlrm/go-api-bootstrap/internal/user/app/command/mocks/mock_CreateUserHandler.go:50.2,50.15 1 0
github.com/rubemlrm/go-api-bootstrap/internal/user/app/command/mocks/mock_CreateUserHandler.go:61.119,63.2 1 0
github.com/rubemlrm/go-api-bootstrap/internal/user/app/command/mocks/mock_CreateUserHandler.go:65.138,66.40 1 0
github.com/rubemlrm/go-api-bootstrap/internal/user/app/command/mocks/mock_CreateUserHandler.go:66.40,68.3 1 0
github.com/rubemlrm/go-api-bootstrap/internal/user/app/command/mocks/mock_CreateUserHandler.go:69.2,69.11 1 0
github.com/rubemlrm/go-api-bootstrap/internal/user/app/command/mocks/mock_CreateUserHandler.go:72.112,75.2 2 0
github.com/rubemlrm/go-api-bootstrap/internal/user/app/command/mocks/mock_CreateUserHandler.go:77.156,80.2 2 0
github.com/rubemlrm/go-api-bootstrap/internal/user/app/command/mocks/mock_CreateUserHandler.go:87.27,91.19 3 0
github.com/rubemlrm/go-api-bootstrap/internal/user/app/command/mocks/mock_CreateUserHandler.go:91.19,91.49 1 0
github.com/rubemlrm/go-api-bootstrap/internal/user/app/command/mocks/mock_CreateUserHandler.go:93.2,93.13 1 0
github.com/rubemlrm/go-api-bootstrap/internal/user/app/query/mocks/mock_GetUserHandler.go:23.69,25.2 1 0
github.com/rubemlrm/go-api-bootstrap/internal/user/app/query/mocks/mock_GetUserHandler.go:28.99,31.19 2 0
github.com/rubemlrm/go-api-bootstrap/internal/user/app/query/mocks/mock_GetUserHandler.go:31.19,32.48 1 0
github.com/rubemlrm/go-api-bootstrap/internal/user/app/query/mocks/mock_GetUserHandler.go:35.2,37.92 3 0
github.com/rubemlrm/go-api-bootstrap/internal/user/app/query/mocks/mock_GetUserHandler.go:37.92,39.3 1 0
github.com/rubemlrm/go-api-bootstrap/internal/user/app/query/mocks/mock_GetUserHandler.go:40.2,40.83 1 0
github.com/rubemlrm/go-api-bootstrap/internal/user/app/query/mocks/mock_GetUserHandler.go:40.83,42.3 1 0
github.com/rubemlrm/go-api-bootstrap/internal/user/app/query/mocks/mock_GetUserHandler.go:42.8,43.24 1 0
github.com/rubemlrm/go-api-bootstrap/internal/user/app/query/mocks/mock_GetUserHandler.go:43.24,45.4 1 0
github.com/rubemlrm/go-api-bootstrap/internal/user/app/query/mocks/mock_GetUserHandler.go:48.2,48.78 1 0
github.com/rubemlrm/go-api-bootstrap/internal/user/app/query/mocks/mock_GetUserHandler.go:48.78,50.3 1 0
github.com/rubemlrm/go-api-bootstrap/internal/user/app/query/mocks/mock_GetUserHandler.go:50.8,52.3 1 0
github.com/rubemlrm/go-api-bootstrap/internal/user/app/query/mocks/mock_GetUserHandler.go:54.2,54.15 1 0
github.com/rubemlrm/go-api-bootstrap/internal/user/app/query/mocks/mock_GetUserHandler.go:65.111,67.2 1 0
github.com/rubemlrm/go-api-bootstrap/internal/user/app/query/mocks/mock_GetUserHandler.go:69.130,70.40 1 0
github.com/rubemlrm/go-api-bootstrap/internal/user/app/query/mocks/mock_GetUserHandler.go:70.40,72.3 1 0
github.com/rubemlrm/go-api-bootstrap/internal/user/app/query/mocks/mock_GetUserHandler.go:73.2,73.11 1 0
github.com/rubemlrm/go-api-bootstrap/internal/user/app/query/mocks/mock_GetUserHandler.go:76.109,79.2 2 0
github.com/rubemlrm/go-api-bootstrap/internal/user/app/query/mocks/mock_GetUserHandler.go:81.153,84.2 2 0
github.com/rubemlrm/go-api-bootstrap/internal/user/app/query/mocks/mock_GetUserHandler.go:91.24,95.19 3 0
github.com/rubemlrm/go-api-bootstrap/internal/user/app/query/mocks/mock_GetUserHandler.go:95.19,95.49 1 0
github.com/rubemlrm/go-api-bootstrap/internal/user/app/query/mocks/mock_GetUserHandler.go:97.2,97.13 1 0
github.com/rubemlrm/go-api-bootstrap/internal/user/app/query/mocks/mock_ListUsersHandler.go:23.73,25.2 1 0
github.com/rubemlrm/go-api-bootstrap/internal/user/app/query/mocks/mock_ListUsersHandler.go:28.110,31.19 2 0
github.com/rubemlrm/go-api-bootstrap/internal/user/app/query/mocks/mock_ListUsersHandler.go:31.19,32.48 1 0
github.com/rubemlrm/go-api-bootstrap/internal/user/app/query/mocks/mock_ListUsersHandler.go:35.2,37.101 3 0
github.com/rubemlrm/go-api-bootstrap/internal/user/app/query/mocks/mock_ListUsersHandler.go:37.101,39.3 1 0
github.com/rubemlrm/go-api-bootstrap/internal/user/app/query/mocks/mock_ListUsersHandler.go:40.2,40.92 1 0
github.com/rubemlrm/go-api-bootstrap/internal/user/app/query/mocks/mock_ListUsersHandler.go:40.92,42.3 1 0
github.com/rubemlrm/go-api-bootstrap/internal/user/app/query/mocks/mock_ListUsersHandler.go:42.8,43.24 1 0
github.com/rubemlrm/go-api-bootstrap/internal/user/app/query/mocks/mock_ListUsersHandler.go:43.24,45.4 1 0
github.com/rubemlrm/go-api-bootstrap/internal/user/app/query/mocks/mock_ListUsersHandler.go:48.2,48.85 1 0
github.com/rubemlrm/go-api-bootstrap/internal/user/app/query/mocks/mock_ListUsersHandler.go:48.85,50.3 1 0
github.com/rubemlrm/go-api-bootstrap/internal/user/app/query/mocks/mock_ListUsersHandler.go:50.8,52.3 1 0
github.com/rubemlrm/go-api-bootstrap/internal/user/app/query/mocks/mock_ListUsersHandler.go:54.2,54.15 1 0
github.com/rubemlrm/go-api-bootstrap/internal/user/app/query/mocks/mock_ListUsersHandler.go:65.115,67.2 1 0
github.com/rubemlrm/go-api-bootstrap/internal/user/app/query/mocks/mock_ListUsersHandler.go:69.141,70.40 1 0
github.com/rubemlrm/go-api-bootstrap/internal/user/app/query/mocks/mock_ListUsersHandler.go:70.40,72.3 1 0
github.com/rubemlrm/go-api-bootstrap/internal/user/app/query/mocks/mock_ListUsersHandler.go:73.2,73.11 1 0
github.com/rubemlrm/go-api-bootstrap/internal/user/app/query/mocks/mock_ListUsersHandler.go:76.115,79.2 2 0
github.com/rubemlrm/go-api-bootstrap/internal/user/app/query/mocks/mock_ListUsersHandler.go:81.166,84.2 2 0
github.com/rubemlrm/go-api-bootstrap/internal/user/app/query/mocks/mock_ListUsersHandler.go:91.26,95.19 3 0
github.com/rubemlrm/go-api-bootstrap/internal/user/app/query/mocks/mock_ListUsersHandler.go:95.19,95.49 1 0
github.com/rubemlrm/go-api-bootstrap/internal/user/app/query/mocks/mock_ListUsersHandler.go:97.2,97.13 1 0
github.com/rubemlrm/go-api-bootstrap/internal/user/app/query/get_user.go:22.104,26.2 1 0
github.com/rubemlrm/go-api-bootstrap/internal/user/app/query/get_user.go:28.80,30.16 2 0
github.com/rubemlrm/go-api-bootstrap/internal/user/app/query/get_user.go:30.16,32.3 1 0
github.com/rubemlrm/go-api-bootstrap/internal/user/app/query/get_user.go:33.2,33.15 1 0
github.com/rubemlrm/go-api-bootstrap/internal/user/app/query/user_list.go:20.115,24.2 1 0
github.com/rubemlrm/go-api-bootstrap/internal/user/app/query/user_list.go:26.91,28.16 2 0
github.com/rubemlrm/go-api-bootstrap/internal/user/app/query/user_list.go:28.16,30.3 1 0
github.com/rubemlrm/go-api-bootstrap/internal/user/app/query/user_list.go:31.2,31.16 1 0
github.com/rubemlrm/go-api-bootstrap/internal/user/factories/seed.go:11.61,16.28 4 0
github.com/rubemlrm/go-api-bootstrap/internal/user/factories/seed.go:16.28,19.3 2 0
github.com/rubemlrm/go-api-bootstrap/internal/user/factories/seed.go:21.2,24.12 3 0
github.com/rubemlrm/go-api-bootstrap/internal/user/factories/seed.go:27.43,30.30 3 0
github.com/rubemlrm/go-api-bootstrap/internal/user/factories/seed.go:30.30,32.3 1 0
github.com/rubemlrm/go-api-bootstrap/internal/user/factories/seed.go:34.2,34.11 1 0
github.com/rubemlrm/go-api-bootstrap/internal/user/factories/user.go:11.47,19.2 1 0
github.com/rubemlrm/go-api-bootstrap/internal/user/factories/user.go:21.59,27.2 1 0
github.com/rubemlrm/go-api-bootstrap/internal/user/factories/user.go:29.66,34.2 1 0
github.com/rubemlrm/go-api-bootstrap/internal/user/domain/user/mocks/mock_Reader.go:21.53,23.2 1 0
github.com/rubemlrm/go-api-bootstrap/internal/user/domain/user/mocks/mock_Reader.go:26.70,29.19 2 0
github.com/rubemlrm/go-api-bootstrap/internal/user/domain/user/mocks/mock_Reader.go:29.19,30.45 1 0
github.com/rubemlrm/go-api-bootstrap/internal/user/domain/user/mocks/mock_Reader.go:33.2,35.76 3 0
github.com/rubemlrm/go-api-bootstrap/internal/user/domain/user/mocks/mock_Reader.go:35.76,37.3 1 0
github.com/rubemlrm/go-api-bootstrap/internal/user/domain/user/mocks/mock_Reader.go:38.2,38.67 1 0
github.com/rubemlrm/go-api-bootstrap/internal/user/domain/user/mocks/mock_Reader.go:38.67,40.3 1 0
github.com/rubemlrm/go-api-bootstrap/internal/user/domain/user/mocks/mock_Reader.go:40.8,41.24 1 0
github.com/rubemlrm/go-api-bootstrap/internal/user/domain/user/mocks/mock_Reader.go:41.24,43.4 1 0
github.com/rubemlrm/go-api-bootstrap/internal/user/domain/user/mocks/mock_Reader.go:46.2,46.60 1 0
github.com/rubemlrm/go-api-bootstrap/internal/user/domain/user/mocks/mock_Reader.go:46.60,48.3 1 0
github.com/rubemlrm/go-api-bootstrap/internal/user/domain/user/mocks/mock_Reader.go:48.8,50.3 1 0
github.com/rubemlrm/go-api-bootstrap/internal/user/domain/user/mocks/mock_Reader.go:52.2,52.15 1 0
github.com/rubemlrm/go-api-bootstrap/internal/user/domain/user/mocks/mock_Reader.go:62.74,64.2 1 0
github.com/rubemlrm/go-api-bootstrap/internal/user/domain/user/mocks/mock_Reader.go:66.88,67.40 1 0
github.com/rubemlrm/go-api-bootstrap/internal/user/domain/user/mocks/mock_Reader.go:67.40,69.3 1 0
github.com/rubemlrm/go-api-bootstrap/internal/user/domain/user/mocks/mock_Reader.go:70.2,70.11 1 0
github.com/rubemlrm/go-api-bootstrap/internal/user/domain/user/mocks/mock_Reader.go:73.89,76.2 2 0
github.com/rubemlrm/go-api-bootstrap/internal/user/domain/user/mocks/mock_Reader.go:78.115,81.2 2 0
github.com/rubemlrm/go-api-bootstrap/internal/user/domain/user/mocks/mock_Reader.go:84.80,87.19 2 0
github.com/rubemlrm/go-api-bootstrap/internal/user/domain/user/mocks/mock_Reader.go:87.19,88.45 1 0
github.com/rubemlrm/go-api-bootstrap/internal/user/domain/user/mocks/mock_Reader.go:91.2,93.83 3 0
github.com/rubemlrm/go-api-bootstrap/internal/user/domain/user/mocks/mock_Reader.go:93.83,95.3 1 0
github.com/rubemlrm/go-api-bootstrap/internal/user/domain/user/mocks/mock_Reader.go:96.2,96.74 1 0
github.com/rubemlrm/go-api-bootstrap/internal/user/domain/user/mocks/mock_Reader.go:96.74,98.3 1 0
github.com/rubemlrm/go-api-bootstrap/internal/user/domain/user/mocks/mock_Reader.go:98.8,99.24 1 0
github.com/rubemlrm/go-api-bootstrap/internal/user/domain/user/mocks/mock_Reader.go:99.24,101.4 1 0
github.com/rubemlrm/go-api-bootstrap/internal/user/domain/user/mocks/mock_Reader.go:104.2,104.69 1 0
github.com/rubemlrm/go-api-bootstrap/internal/user/domain/user/mocks/mock_Reader.go:104.69,106.3 1 0
github.com/rubemlrm/go-api-bootstrap/internal/user/domain/user/mocks/mock_Reader.go:106.8,108.3 1 0
github.com/rubemlrm/go-api-bootstrap/internal/user/domain/user/mocks/mock_Reader.go:110.2,110.15 1 0
github.com/rubemlrm/go-api-bootstrap/internal/user/domain/user/mocks/mock_Reader.go:121.90,123.2 1 0
github.com/rubemlrm/go-api-bootstrap/internal/user/domain/user/mocks/mock_Reader.go:125.100,126.40 1 0
github.com/rubemlrm/go-api-bootstrap/internal/user/domain/user/mocks/mock_Reader.go:126.40,128.3 1 0
github.com/rubemlrm/go-api-bootstrap/internal/user/domain/user/mocks/mock_Reader.go:129.2,129.11 1 0
github.com/rubemlrm/go-api-bootstrap/internal/user/domain/user/mocks/mock_Reader.go:132.87,135.2 2 0
github.com/rubemlrm/go-api-bootstrap/internal/user/domain/user/mocks/mock_Reader.go:137.122,140.2 2 0
github.com/rubemlrm/go-api-bootstrap/internal/user/domain/user/mocks/mock_Reader.go:147.16,151.19 3 0
github.com/rubemlrm/go-api-bootstrap/internal/user/domain/user/mocks/mock_Reader.go:151.19,151.49 1 0
github.com/rubemlrm/go-api-bootstrap/internal/user/domain/user/mocks/mock_Reader.go:153.2,153.13 1 0
github.com/rubemlrm/go-api-bootstrap/internal/user/domain/user/mocks/mock_Repository.go:21.61,23.2 1 0
github.com/rubemlrm/go-api-bootstrap/internal/user/domain/user/mocks/mock_Repository.go:26.74,29.19 2 0
github.com/rubemlrm/go-api-bootstrap/internal/user/domain/user/mocks/mock_Repository.go:29.19,30.45 1 0
github.com/rubemlrm/go-api-bootstrap/internal/user/domain/user/mocks/mock_Repository.go:33.2,35.76 3 0
github.com/rubemlrm/go-api-bootstrap/internal/user/domain/user/mocks/mock_Repository.go:35.76,37.3 1 0
github.com/rubemlrm/go-api-bootstrap/internal/user/domain/user/mocks/mock_Repository.go:38.2,38.67 1 0
github.com/rubemlrm/go-api-bootstrap/internal/user/domain/user/mocks/mock_Repository.go:38.67,40.3 1 0
github.com/rubemlrm/go-api-bootstrap/internal/user/domain/user/mocks/mock_Repository.go:40.8,41.24 1 0
github.com/rubemlrm/go-api-bootstrap/internal/user/domain/user/mocks/mock_Repository.go:41.24,43.4 1 0
github.com/rubemlrm/go-api-bootstrap/internal/user/domain/user/mocks/mock_Repository.go:46.2,46.60 1 0
github.com/rubemlrm/go-api-bootstrap/internal/user/domain/user/mocks/mock_Repository.go:46.60,48.3 1 0
github.com/rubemlrm/go-api-bootstrap/internal/user/domain/user/mocks/mock_Repository.go:48.8,50.3 1 0
github.com/rubemlrm/go-api-bootstrap/internal/user/domain/user/mocks/mock_Repository.go:52.2,52.15 1 0
github.com/rubemlrm/go-api-bootstrap/internal/user/domain/user/mocks/mock_Repository.go:62.82,64.2 1 0
github.com/rubemlrm/go-api-bootstrap/internal/user/domain/user/mocks/mock_Repository.go:66.96,67.40 1 0
github.com/rubemlrm/go-api-bootstrap/internal/user/domain/user/mocks/mock_Repository.go:67.40,69.3 1 0
github.com/rubemlrm/go-api-bootstrap/internal/user/domain/user/mocks/mock_Repository.go:70.2,70.11 1 0
github.com/rubemlrm/go-api-bootstrap/internal/user/domain/user/mocks/mock_Repository.go:73.97,76.2 2 0
github.com/rubemlrm/go-api-bootstrap/internal/user/domain/user/mocks/mock_Repository.go:78.123,81.2 2 0
github.com/rubemlrm/go-api-bootstrap/internal/user/domain/user/mocks/mock_Repository.go:84.92,87.19 2 0
github.com/rubemlrm/go-api-bootstrap/internal/user/domain/user/mocks/mock_Repository.go:87.19,88.48 1 0
github.com/rubemlrm/go-api-bootstrap/internal/user/domain/user/mocks/mock_Repository.go:91.2,93.89 3 0
github.com/rubemlrm/go-api-bootstrap/internal/user/domain/user/mocks/mock_Repository.go:93.89,95.3 1 0
github.com/rubemlrm/go-api-bootstrap/internal/user/domain/user/mocks/mock_Repository.go:96.2,96.80 1 0
github.com/rubemlrm/go-api-bootstrap/internal/user/domain/user/mocks/mock_Repository.go:96.80,98.3 1 0
github.com/rubemlrm/go-api-bootstrap/internal/user/domain/user/mocks/mock_Repository.go:98.8,100.3 1 0
github.com/rubemlrm/go-api-bootstrap/internal/user/domain/user/mocks/mock_Repository.go:102.2,102.78 1 0
github.com/rubemlrm/go-api-bootstrap/internal/user/domain/user/mocks/mock_Repository.go:102.78,104.3 1 0
github.com/rubemlrm/go-api-bootstrap/internal/user/domain/user/mocks/mock_Repository.go:104.8,106.3 1 0
github.com/rubemlrm/go-api-bootstrap/internal/user/domain/user/mocks/mock_Repository.go:108.2,108.15 1 0
github.com/rubemlrm/go-api-bootstrap/internal/user/domain/user/mocks/mock_Repository.go:119.103,121.2 1 0
github.com/rubemlrm/go-api-bootstrap/internal/user/domain/user/mocks/mock_Repository.go:123.122,124.40 1 0
github.com/rubemlrm/go-api-bootstrap/internal/user/domain/user/mocks/mock_Repository.go:124.40,126.3 1 0
github.com/rubemlrm/go-api-bootstrap/internal/user/domain/user/mocks/mock_Repository.go:127.2,127.11 1 0
github.com/rubemlrm/go-api-bootstrap/internal/user/domain/user/mocks/mock_Repository.go:130.98,133.2 2 0
github.com/rubemlrm/go-api-bootstrap/internal/user/domain/user/mocks/mock_Repository.go:135.142,138.2 2 0
github.com/rubemlrm/go-api-bootstrap/internal/user/domain/user/mocks/mock_Repository.go:141.84,144.19 2 0
github.com/rubemlrm/go-api-bootstrap/internal/user/domain/user/mocks/mock_Repository.go:144.19,145.45 1 0
github.com/rubemlrm/go-api-bootstrap/internal/user/domain/user/mocks/mock_Repository.go:148.2,150.83 3 0
github.com/rubemlrm/go-api-bootstrap/internal/user/domain/user/mocks/mock_Repository.go:150.83,152.3 1 0
github.com/rubemlrm/go-api-bootstrap/internal/user/domain/user/mocks/mock_Repository.go:153.2,153.74 1 0
github.com/rubemlrm/go-api-bootstrap/internal/user/domain/user/mocks/mock_Repository.go:153.74,155.3 1 0
github.com/rubemlrm/go-api-bootstrap/internal/user/domain/user/mocks/mock_Repository.go:155.8,156.24 1 0
github.com/rubemlrm/go-api-bootstrap/internal/user/domain/user/mocks/mock_Repository.go:156.24,158.4 1 0
github.com/rubemlrm/go-api-bootstrap/internal/user/domain/user/mocks/mock_Repository.go:161.2,161.69 1 0
github.com/rubemlrm/go-api-bootstrap/internal/user/domain/user/mocks/mock_Repository.go:161.69,163.3 1 0
github.com/rubemlrm/go-api-bootstrap/internal/user/domain/user/mocks/mock_Repository.go:163.8,165.3 1 0
github.com/rubemlrm/go-api-bootstrap/internal/user/domain/user/mocks/mock_Repository.go:167.2,167.15 1 0
github.com/rubemlrm/go-api-bootstrap/internal/user/domain/user/mocks/mock_Repository.go:178.98,180.2 1 0
github.com/rubemlrm/go-api-bootstrap/internal/user/domain/user/mocks/mock_Repository.go:182.108,183.40 1 0
github.com/rubemlrm/go-api-bootstrap/internal/user/domain/user/mocks/mock_Repository.go:183.40,185.3 1 0
github.com/rubemlrm/go-api-bootstrap/internal/user/domain/user/mocks/mock_Repository.go:186.2,186.11 1 0
github.com/rubemlrm/go-api-bootstrap/internal/user/domain/user/mocks/mock_Repository.go:189.95,192.2 2 0
github.com/rubemlrm/go-api-bootstrap/internal/user/domain/user/mocks/mock_Repository.go:194.130,197.2 2 0
github.com/rubemlrm/go-api-bootstrap/internal/user/domain/user/mocks/mock_Repository.go:204.20,208.19 3 0
github.com/rubemlrm/go-api-bootstrap/internal/user/domain/user/mocks/mock_Repository.go:208.19,208.49 1 0
github.com/rubemlrm/go-api-bootstrap/internal/user/domain/user/mocks/mock_Repository.go:210.2,210.13 1 0
github.com/rubemlrm/go-api-bootstrap/internal/user/domain/user/mocks/mock_UseCase.go:21.55,23.2 1 0
github.com/rubemlrm/go-api-bootstrap/internal/user/domain/user/mocks/mock_UseCase.go:26.71,29.19 2 0
github.com/rubemlrm/go-api-bootstrap/internal/user/domain/user/mocks/mock_UseCase.go:29.19,30.45 1 0
github.com/rubemlrm/go-api-bootstrap/internal/user/domain/user/mocks/mock_UseCase.go:33.2,35.76 3 0
github.com/rubemlrm/go-api-bootstrap/internal/user/domain/user/mocks/mock_UseCase.go:35.76,37.3 1 0
github.com/rubemlrm/go-api-bootstrap/internal/user/domain/user/mocks/mock_UseCase.go:38.2,38.67 1 0
github.com/rubemlrm/go-api-bootstrap/internal/user/domain/user/mocks/mock_UseCase.go:38.67,40.3 1 0
github.com/rubemlrm/go-api-bootstrap/internal/user/domain/user/mocks/mock_UseCase.go:40.8,41.24 1 0
github.com/rubemlrm/go-api-bootstrap/internal/user/domain/user/mocks/mock_UseCase.go:41.24,43.4 1 0
github.com/rubemlrm/go-api-bootstrap/internal/user/domain/user/mocks/mock_UseCase.go:46.2,46.60 1 0
github.com/rubemlrm/go-api-bootstrap/internal/user/domain/user/mocks/mock_UseCase.go:46.60,48.3 1 0
github.com/rubemlrm/go-api-bootstrap/internal/user/domain/user/mocks/mock_UseCase.go:48.8,50.3 1 0
github.com/rubemlrm/go-api-bootstrap/internal/user/domain/user/mocks/mock_UseCase.go:52.2,52.15 1 0
github.com/rubemlrm/go-api-bootstrap/internal/user/domain/user/mocks/mock_UseCase.go:62.76,64.2 1 0
github.com/rubemlrm/go-api-bootstrap/internal/user/domain/user/mocks/mock_UseCase.go:66.90,67.40 1 0
github.com/rubemlrm/go-api-bootstrap/internal/user/domain/user/mocks/mock_UseCase.go:67.40,69.3 1 0
github.com/rubemlrm/go-api-bootstrap/internal/user/domain/user/mocks/mock_UseCase.go:70.2,70.11 1 0
github.com/rubemlrm/go-api-bootstrap/internal/user/domain/user/mocks/mock_UseCase.go:73.91,76.2 2 0
github.com/rubemlrm/go-api-bootstrap/internal/user/domain/user/mocks/mock_UseCase.go:78.117,81.2 2 0
github.com/rubemlrm/go-api-bootstrap/internal/user/domain/user/mocks/mock_UseCase.go:84.91,87.19 2 0
github.com/rubemlrm/go-api-bootstrap/internal/user/domain/user/mocks/mock_UseCase.go:87.19,88.48 1 0
github.com/rubemlrm/go-api-bootstrap/internal/user/domain/user/mocks/mock_UseCase.go:91.2,93.89 3 0
github.com/rubemlrm/go-api-bootstrap/internal/user/domain/user/mocks/mock_UseCase.go:93.89,95.3 1 0
github.com/rubemlrm/go-api-bootstrap/internal/user/domain/user/mocks/mock_UseCase.go:96.2,96.80 1 0
github.com/rubemlrm/go-api-bootstrap/internal/user/domain/user/mocks/mock_UseCase.go:96.80,98.3 1 0
github.com/rubemlrm/go-api-bootstrap/internal/user/domain/user/mocks/mock_UseCase.go:98.8,100.3 1 0
github.com/rubemlrm/go-api-bootstrap/internal/user/domain/user/mocks/mock_UseCase.go:102.2,102.78 1 0
github.com/rubemlrm/go-api-bootstrap/internal/user/domain/user/mocks/mock_UseCase.go:102.78,104.3 1 0
github.com/rubemlrm/go-api-bootstrap/internal/user/domain/user/mocks/mock_UseCase.go:104.8,106.3 1 0
github.com/rubemlrm/go-api-bootstrap/internal/user/domain/user/mocks/mock_UseCase.go:108.2,108.15 1 0
github.com/rubemlrm/go-api-bootstrap/internal/user/domain/user/mocks/mock_UseCase.go:119.99,121.2 1 0
github.com/rubemlrm/go-api-bootstrap/internal/user/domain/user/mocks/mock_UseCase.go:123.118,124.40 1 0
github.com/rubemlrm/go-api-bootstrap/internal/user/domain/user/mocks/mock_UseCase.go:124.40,126.3 1 0
github.com/rubemlrm/go-api-bootstrap/internal/user/domain/user/mocks/mock_UseCase.go:127.2,127.11 1 0
github.com/rubemlrm/go-api-bootstrap/internal/user/domain/user/mocks/mock_UseCase.go:130.92,133.2 2 0
github.com/rubemlrm/go-api-bootstrap/internal/user/domain/user/mocks/mock_UseCase.go:135.136,138.2 2 0
github.com/rubemlrm/go-api-bootstrap/internal/user/domain/user/mocks/mock_UseCase.go:141.81,144.19 2 0
github.com/rubemlrm/go-api-bootstrap/internal/user/domain/user/mocks/mock_UseCase.go:144.19,145.45 1 0
github.com/rubemlrm/go-api-bootstrap/internal/user/domain/user/mocks/mock_UseCase.go:148.2,150.83 3 0
github.com/rubemlrm/go-api-bootstrap/internal/user/domain/user/mocks/mock_UseCase.go:150.83,152.3 1 0
github.com/rubemlrm/go-api-bootstrap/internal/user/domain/user/mocks/mock_UseCase.go:153.2,153.74 1 0
github.com/rubemlrm/go-api-bootstrap/internal/user/domain/user/mocks/mock_UseCase.go:153.74,155.3 1 0
github.com/rubemlrm/go-api-bootstrap/internal/user/domain/user/mocks/mock_UseCase.go:155.8,156.24 1 0
github.com/rubemlrm/go-api-bootstrap/internal/user/domain/user/mocks/mock_UseCase.go:156.24,158.4 1 0
github.com/rubemlrm/go-api-bootstrap/internal/user/domain/user/mocks/mock_UseCase.go:161.2,161.69 1 0
github.com/rubemlrm/go-api-bootstrap/internal/user/domain/user/mocks/mock_UseCase.go:161.69,163.3 1 0
github.com/rubemlrm/go-api-bootstrap/internal/user/domain/user/mocks/mock_UseCase.go:163.8,165.3 1 0
github.com/rubemlrm/go-api-bootstrap/internal/user/domain/user/mocks/mock_UseCase.go:167.2,167.15 1 0
github.com/rubemlrm/go-api-bootstrap/internal/user/domain/user/mocks/mock_UseCase.go:178.92,180.2 1 0
github.com/rubemlrm/go-api-bootstrap/internal/user/domain/user/mocks/mock_UseCase.go:182.102,183.40 1 0
github.com/rubemlrm/go-api-bootstrap/internal/user/domain/user/mocks/mock_UseCase.go:183.40,185.3 1 0
github.com/rubemlrm/go-api-bootstrap/internal/user/domain/user/mocks/mock_UseCase.go:186.2,186.11 1 0
github.com/rubemlrm/go-api-bootstrap/internal/user/domain/user/mocks/mock_UseCase.go:189.89,192.2 2 0
github.com/rubemlrm/go-api-bootstrap/internal/user/domain/user/mocks/mock_UseCase.go:194.124,197.2 2 0
github.com/rubemlrm/go-api-bootstrap/internal/user/domain/user/mocks/mock_UseCase.go:204.17,208.19 3 0
github.com/rubemlrm/go-api-bootstrap/internal/user/domain/user/mocks/mock_UseCase.go:208.19,208.49 1 0
github.com/rubemlrm/go-api-bootstrap/internal/user/domain/user/mocks/mock_UseCase.go:210.2,210.13 1 0
github.com/rubemlrm/go-api-bootstrap/internal/user/domain/user/mocks/mock_UserReader.go:21.61,23.2 1 0
github.com/rubemlrm/go-api-bootstrap/internal/user/domain/user/mocks/mock_UserReader.go:26.74,29.19 2 0
github.com/rubemlrm/go-api-bootstrap/internal/user/domain/user/mocks/mock_UserReader.go:29.19,30.45 1 0
github.com/rubemlrm/go-api-bootstrap/internal/user/domain/user/mocks/mock_UserReader.go:33.2,35.76 3 0
github.com/rubemlrm/go-api-bootstrap/internal/user/domain/user/mocks/mock_UserReader.go:35.76,37.3 1 0
github.com/rubemlrm/go-api-bootstrap/internal/user/domain/user/mocks/mock_UserReader.go:38.2,38.67 1 0
github.com/rubemlrm/go-api-bootstrap/internal/user/domain/user/mocks/mock_UserReader.go:38.67,40.3 1 0
github.com/rubemlrm/go-api-bootstrap/internal/user/domain/user/mocks/mock_UserReader.go:40.8,41.24 1 0
github.com/rubemlrm/go-api-bootstrap/internal/user/domain/user/mocks/mock_UserReader.go:41.24,43.4 1 0
github.com/rubemlrm/go-api-bootstrap/internal/user/domain/user/mocks/mock_UserReader.go:46.2,46.60 1 0
github.com/rubemlrm/go-api-bootstrap/internal/user/domain/user/mocks/mock_UserReader.go:46.60,48.3 1 0
github.com/rubemlrm/go-api-bootstrap/internal/user/domain/user/mocks/mock_UserReader.go:48.8,50.3 1 0
github.com/rubemlrm/go-api-bootstrap/internal/user/domain/user/mocks/mock_UserReader.go:52.2,52.15 1 0
github.com/rubemlrm/go-api-bootstrap/internal/user/domain/user/mocks/mock_UserReader.go:62.82,64.2 1 0
github.com/rubemlrm/go-api-bootstrap/internal/user/domain/user/mocks/mock_UserReader.go:66.96,67.40 1 0
github.com/rubemlrm/go-api-bootstrap/internal/user/domain/user/mocks/mock_UserReader.go:67.40,69.3 1 0
github.com/rubemlrm/go-api-bootstrap/internal/user/domain/user/mocks/mock_UserReader.go:70.2,70.11 1 0
github.com/rubemlrm/go-api-bootstrap/internal/user/domain/user/mocks/mock_UserReader.go:73.97,76.2 2 0
github.com/rubemlrm/go-api-bootstrap/internal/user/domain/user/mocks/mock_UserReader.go:78.123,81.2 2 0
github.com/rubemlrm/go-api-bootstrap/internal/user/domain/user/mocks/mock_UserReader.go:84.84,87.19 2 0
github.com/rubemlrm/go-api-bootstrap/internal/user/domain/user/mocks/mock_UserReader.go:87.19,88.45 1 0
github.com/rubemlrm/go-api-bootstrap/internal/user/domain/user/mocks/mock_UserReader.go:91.2,93.83 3 0
github.com/rubemlrm/go-api-bootstrap/internal/user/domain/user/mocks/mock_UserReader.go:93.83,95.3 1 0
github.com/rubemlrm/go-api-bootstrap/internal/user/domain/user/mocks/mock_UserReader.go:96.2,96.74 1 0
github.com/rubemlrm/go-api-bootstrap/internal/user/domain/user/mocks/mock_UserReader.go:96.74,98.3 1 0
github.com/rubemlrm/go-api-bootstrap/internal/user/domain/user/mocks/mock_UserReader.go:98.8,99.24 1 0
github.com/rubemlrm/go-api-bootstrap/internal/user/domain/user/mocks/mock_UserReader.go:99.24,101.4 1 0
github.com/rubemlrm/go-api-bootstrap/internal/user/domain/user/mocks/mock_UserReader.go:104.2,104.69 1 0
github.com/rubemlrm/go-api-bootstrap/internal/user/domain/user/mocks/mock_UserReader.go:104.69,106.3 1 0
github.com/rubemlrm/go-api-bootstrap/internal/user/domain/user/mocks/mock_UserReader.go:106.8,108.3 1 0
github.com/rubemlrm/go-api-bootstrap/internal/user/domain/user/mocks/mock_UserReader.go:110.2,110.15 1 0
github.com/rubemlrm/go-api-bootstrap/internal/user/domain/user/mocks/mock_UserReader.go:121.98,123.2 1 0
github.com/rubemlrm/go-api-bootstrap/internal/user/domain/user/mocks/mock_UserReader.go:125.108,126.40 1 0
github.com/rubemlrm/go-api-bootstrap/internal/user/domain/user/mocks/mock_UserReader.go:126.40,128.3 1 0
github.com/rubemlrm/go-api-bootstrap/internal/user/domain/user/mocks/mock_UserReader.go:129.2,129.11 1 0
github.com/rubemlrm/go-api-bootstrap/internal/user/domain/user/mocks/mock_UserReader.go:132.95,135.2 2 0
github.com/rubemlrm/go-api-bootstrap/internal/user/domain/user/mocks/mock_UserReader.go:137.130,140.2 2 0
github.com/rubemlrm/go-api-bootstrap/internal/user/domain/user/mocks/mock_UserReader.go:147.20,151.19 3 0
github.com/rubemlrm/go-api-bootstrap/internal/user/domain/user/mocks/mock_UserReader.go:151.19,151.49 1 0
github.com/rubemlrm/go-api-bootstrap/internal/user/domain/user/mocks/mock_UserReader.go:153.2,153.13 1 0
github.com/rubemlrm/go-api-bootstrap/internal/user/domain/user/mocks/mock_UserRepository.go:21.69,23.2 1 0
github.com/rubemlrm/go-api-bootstrap/internal/user/domain/user/mocks/mock_UserRepository.go:26.78,29.19 2 0
github.com/rubemlrm/go-api-bootstrap/internal/user/domain/user/mocks/mock_UserRepository.go:29.19,30.45 1 0
github.com/rubemlrm/go-api-bootstrap/internal/user/domain/user/mocks/mock_UserRepository.go:33.2,35.76 3 0
github.com/rubemlrm/go-api-bootstrap/internal/user/domain/user/mocks/mock_UserRepository.go:35.76,37.3 1 0
github.com/rubemlrm/go-api-bootstrap/internal/user/domain/user/mocks/mock_UserRepository.go:38.2,38.67 1 0
github.com/rubemlrm/go-api-bootstrap/internal/user/domain/user/mocks/mock_UserRepository.go:38.67,40.3 1 0
github.com/rubemlrm/go-api-bootstrap/internal/user/domain/user/mocks/mock_UserRepository.go:40.8,41.24 1 0
github.com/rubemlrm/go-api-bootstrap/internal/user/domain/user/mocks/mock_UserRepository.go:41.24,43.4 1 0
github.com/rubemlrm/go-api-bootstrap/internal/user/domain/user/mocks/mock_UserRepository.go:46.2,46.60 1 0
github.com/rubemlrm/go-api-bootstrap/internal/user/domain/user/mocks/mock_UserRepository.go:46.60,48.3 1 0
github.com/rubemlrm/go-api-bootstrap/internal/user/domain/user/mocks/mock_UserRepository.go:48.8,50.3 1 0
github.com/rubemlrm/go-api-bootstrap/internal/user/domain/user/mocks/mock_UserRepository.go:52.2,52.15 1 0
github.com/rubemlrm/go-api-bootstrap/internal/user/domain/user/mocks/mock_UserRepository.go:62.90,64.2 1 0
github.com/rubemlrm/go-api-bootstrap/internal/user/domain/user/mocks/mock_UserRepository.go:66.104,67.40 1 0
github.com/rubemlrm/go-api-bootstrap/internal/user/domain/user/mocks/mock_UserRepository.go:67.40,69.3 1 0
github.com/rubemlrm/go-api-bootstrap/internal/user/domain/user/mocks/mock_UserRepository.go:70.2,70.11 1 0
github.com/rubemlrm/go-api-bootstrap/internal/user/domain/user/mocks/mock_UserRepository.go:73.105,76.2 2 0
github.com/rubemlrm/go-api-bootstrap/internal/user/domain/user/mocks/mock_UserRepository.go:78.131,81.2 2 0
github.com/rubemlrm/go-api-bootstrap/internal/user/domain/user/mocks/mock_UserRepository.go:84.96,87.19 2 0
github.com/rubemlrm/go-api-bootstrap/internal/user/domain/user/mocks/mock_UserRepository.go:87.19,88.48 1 0
github.com/rubemlrm/go-api-bootstrap/internal/user/domain/user/mocks/mock_UserRepository.go:91.2,93.89 3 0
github.com/rubemlrm/go-api-bootstrap/internal/user/domain/user/mocks/mock_UserRepository.go:93.89,95.3 1 0
github.com/rubemlrm/go-api-bootstrap/internal/user/domain/user/mocks/mock_UserRepository.go:96.2,96.80 1 0
github.com/rubemlrm/go-api-bootstrap/internal/user/domain/user/mocks/mock_UserRepository.go:96.80,98.3 1 0
github.com/rubemlrm/go-api-bootstrap/internal/user/domain/user/mocks/mock_UserRepository.go:98.8,100.3 1 0
github.com/rubemlrm/go-api-bootstrap/internal/user/domain/user/mocks/mock_UserRepository.go:102.2,102.78 1 0
github.com/rubemlrm/go-api-bootstrap/internal/user/domain/user/mocks/mock_UserRepository.go:102.78,104.3 1 0
github.com/rubemlrm/go-api-bootstrap/internal/user/domain/user/mocks/mock_UserRepository.go:104.8,106.3 1 0
github.com/rubemlrm/go-api-bootstrap/internal/user/domain/user/mocks/mock_UserRepository.go:108.2,108.15 1 0
github.com/rubemlrm/go-api-bootstrap/internal/user/domain/user/mocks/mock_UserRepository.go:119.111,121.2 1 0
github.com/rubemlrm/go-api-bootstrap/internal/user/domain/user/mocks/mock_UserRepository.go:123.130,124.40 1 0
github.com/rubemlrm/go-api-bootstrap/internal/user/domain/user/mocks/mock_UserRepository.go:124.40,126.3 1 0
github.com/rubemlrm/go-api-bootstrap/internal/user/domain/user/mocks/mock_UserRepository.go:127.2,127.11 1 0
github.com/rubemlrm/go-api-bootstrap/internal/user/domain/user/mocks/mock_UserRepository.go:130.106,133.2 2 0
github.com/rubemlrm/go-api-bootstrap/internal/user/domain/user/mocks/mock_UserRepository.go:135.150,138.2 2 0
github.com/rubemlrm/go-api-bootstrap/internal/user/domain/user/mocks/mock_UserRepository.go:141.88,144.19 2 0
github.com/rubemlrm/go-api-bootstrap/internal/user/domain/user/mocks/mock_UserRepository.go:144.19,145.45 1 0
github.com/rubemlrm/go-api-bootstrap/internal/user/domain/user/mocks/mock_UserRepository.go:148.2,150.83 3 0
github.com/rubemlrm/go-api-bootstrap/internal/user/domain/user/mocks/mock_UserRepository.go:150.83,152.3 1 0
github.com/rubemlrm/go-api-bootstrap/internal/user/domain/user/mocks/mock_UserRepository.go:153.2,153.74 1 0
github.com/rubemlrm/go-api-bootstrap/internal/user/domain/user/mocks/mock_UserRepository.go:153.74,155.3 1 0
github.com/rubemlrm/go-api-bootstrap/internal/user/domain/user/mocks/mock_UserRepository.go:155.8,156.24 1 0
github.com/rubemlrm/go-api-bootstrap/internal/user/domain/user/mocks/mock_UserRepository.go:156.24,158.4 1 0
github.com/rubemlrm/go-api-bootstrap/internal/user/domain/user/mocks/mock_UserRepository.go:161.2,161.69 1 0
github.com/rubemlrm/go-api-bootstrap/internal/user/domain/user/mocks/mock_UserRepository.go:161.69,163.3 1 0
github.com/rubemlrm/go-api-bootstrap/internal/user/domain/user/mocks/mock_UserRepository.go:163.8,165.3 1 0
github.com/rubemlrm/go-api-bootstrap/internal/user/domain/user/mocks/mock_UserRepository.go:167.2,167.15 1 0
github.com/rubemlrm/go-api-bootstrap/internal/user/domain/user/mocks/mock_UserRepository.go:178.106,180.2 1 0
github.com/rubemlrm/go-api-bootstrap/internal/user/domain/user/mocks/mock_UserRepository.go:182.116,183.40 1 0
github.com/rubemlrm/go-api-bootstrap/internal/user/domain/user/mocks/mock_UserRepository.go:183.40,185.3 1 0
github.com/rubemlrm/go-api-bootstrap/internal/user/domain/user/mocks/mock_UserRepository.go:186.2,186.11 1 0
github.com/rubemlrm/go-api-bootstrap/internal/user/domain/user/mocks/mock_UserRepository.go:189.103,192.2 2 0
github.com/rubemlrm/go-api-bootstrap/internal/user/domain/user/mocks/mock_UserRepository.go:194.138,197.2 2 0
github.com/rubemlrm/go-api-bootstrap/internal/user/domain/user/mocks/mock_UserRepository.go:204.24,208.19 3 0
github.com/rubemlrm/go-api-bootstrap/internal/user/domain/user/mocks/mock_UserRepository.go:208.19,208.49 1 0
github.com/rubemlrm/go-api-bootstrap/internal/user/domain/user/mocks/mock_UserRepository.go:210.2,210.13 1 0
github.com/rubemlrm/go-api-bootstrap/internal/user/domain/user/mocks/mock_UserWriter.go:21.61,23.2 1 0
github.com/rubemlrm/go-api-bootstrap/internal/user/domain/user/mocks/mock_UserWriter.go:26.92,29.19 2 0
github.com/rubemlrm/go-api-bootstrap/internal/user/domain/user/mocks/mock_UserWriter.go:29.19,30.48 1 0
github.com/rubemlrm/go-api-bootstrap/internal/user/domain/user/mocks/mock_UserWriter.go:33.2,35.89 3 0
github.com/rubemlrm/go-api-bootstrap/internal/user/domain/user/mocks/mock_UserWriter.go:35.89,37.3 1 0
github.com/rubemlrm/go-api-bootstrap/internal/user/domain/user/mocks/mock_UserWriter.go:38.2,38.80 1 0
github.com/rubemlrm/go-api-bootstrap/internal/user/domain/user/mocks/mock_UserWriter.go:38.80,40.3 1 0
github.com/rubemlrm/go-api-bootstrap/internal/user/domain/user/mocks/mock_UserWriter.go:40.8,42.3 1 0
github.com/rubemlrm/go-api-bootstrap/internal/user/domain/user/mocks/mock_UserWriter.go:44.2,44.78 1 0
github.com/rubemlrm/go-api-bootstrap/internal/user/domain/user/mocks/mock_UserWriter.go:44.78,46.3 1 0
github.com/rubemlrm/go-api-bootstrap/internal/user/domain/user/mocks/mock_UserWriter.go:46.8,48.3 1 0
github.com/rubemlrm/go-api-bootstrap/internal/user/domain/user/mocks/mock_UserWriter.go:50.2,50.15 1 0
github.com/rubemlrm/go-api-bootstrap/internal/user/domain/user/mocks/mock_UserWriter.go:61.103,63.2 1 0
github.com/rubemlrm/go-api-bootstrap/internal/user/domain/user/mocks/mock_UserWriter.go:65.122,66.40 1 0
github.com/rubemlrm/go-api-bootstrap/internal/user/domain/user/mocks/mock_UserWriter.go:66.40,68.3 1 0
github.com/rubemlrm/go-api-bootstrap/internal/user/domain/user/mocks/mock_UserWriter.go:69.2,69.11 1 0
github.com/rubemlrm/go-api-bootstrap/internal/user/domain/user/mocks/mock_UserWriter.go:72.98,75.2 2 0
github.com/rubemlrm/go-api-bootstrap/internal/user/domain/user/mocks/mock_UserWriter.go:77.142,80.2 2 0
github.com/rubemlrm/go-api-bootstrap/internal/user/domain/user/mocks/mock_UserWriter.go:87.20,91.19 3 0
github.com/rubemlrm/go-api-bootstrap/internal/user/domain/user/mocks/mock_UserWriter.go:91.19,91.49 1 0
github.com/rubemlrm/go-api-bootstrap/internal/user/domain/user/mocks/mock_UserWriter.go:93.2,93.13 1 0
github.com/rubemlrm/go-api-bootstrap/internal/user/domain/user/mocks/mock_Writer.go:21.53,23.2 1 0
github.com/rubemlrm/go-api-bootstrap/internal/user/domain/user/mocks/mock_Writer.go:26.88,29.19 2 0
github.com/rubemlrm/go-api-bootstrap/internal/user/domain/user/mocks/mock_Writer.go:29.19,30.48 1 0
github.com/rubemlrm/go-api-bootstrap/internal/user/domain/user/mocks/mock_Writer.go:33.2,35.89 3 0
github.com/rubemlrm/go-api-bootstrap/internal/user/domain/user/mocks/mock_Writer.go:35.89,37.3 1 0
github.com/rubemlrm/go-api-bootstrap/internal/user/domain/user/mocks/mock_Writer.go:38.2,38.80 1 0
github.com/rubemlrm/go-api-bootstrap/internal/user/domain/user/mocks/mock_Writer.go:38.80,40.3 1 0
github.com/rubemlrm/go-api-bootstrap/internal/user/domain/user/mocks/mock_Writer.go:40.8,42.3 1 0
github.com/rubemlrm/go-api-bootstrap/internal/user/domain/user/mocks/mock_Writer.go:44.2,44.78 1 0
github.com/rubemlrm/go-api-bootstrap/internal/user/domain/user/mocks/mock_Writer.go:44.78,46.3 1 0
github.com/rubemlrm/go-api-bootstrap/internal/user/domain/user/mocks/mock_Writer.go:46.8,48.3 1 0
github.com/rubemlrm/go-api-bootstrap/internal/user/domain/user/mocks/mock_Writer.go:50.2,50.15 1 0
github.com/rubemlrm/go-api-bootstrap/internal/user/domain/user/mocks/mock_Writer.go:61.95,63.2 1 0
github.com/rubemlrm/go-api-bootstrap/internal/user/domain/user/mocks/mock_Writer.go:65.114,66.40 1 0
github.com/rubemlrm/go-api-bootstrap/internal/user/domain/user/mocks/mock_Writer.go:66.40,68.3 1 0
github.com/rubemlrm/go-api-bootstrap/internal/user/domain/user/mocks/mock_Writer.go:69.2,69.11 1 0
github.com/rubemlrm/go-api-bootstrap/internal/user/domain/user/mocks/mock_Writer.go:72.90,75.2 2 0
github.com/rubemlrm/go-api-bootstrap/internal/user/domain/user/mocks/mock_Writer.go:77.134,80.2 2 0
github.com/rubemlrm/go-api-bootstrap/internal/user/domain/user/mocks/mock_Writer.go:87.16,91.19 3 0
github.com/rubemlrm/go-api-bootstrap/internal/user/domain/user/mocks/mock_Writer.go:91.19,91.49 1 0
github.com/rubemlrm/go-api-bootstrap/internal/user/domain/user/mocks/mock_Writer.go:93.2,93.13 1 0
github.com/rubemlrm/go-api-bootstrap/internal/user/service/service.go:15.106,17.2 1 0
github.com/rubemlrm/go-api-bootstrap/internal/user/service/service.go:19.102,29.2 1 0
github.com/rubemlrm/go-api-bootstrap/internal/user/app/command/create_user.go:16.111,20.2 1 2
github.com/rubemlrm/go-api-bootstrap/internal/user/app/command/create_user.go:22.93,24.16 2 2
github.com/rubemlrm/go-api-bootstrap/internal/user/app/command/create_user.go:24.16,26.3 1 1
github.com/rubemlrm/go-api-bootstrap/internal/user/app/command/create_user.go:27.2,27.15 1 1
github.com/rubemlrm/go-api-bootstrap/internal/user/domain/user/user.go:28.68,35.16 2 3
github.com/rubemlrm/go-api-bootstrap/internal/user/domain/user/user.go:35.16,37.3 1 1
github.com/rubemlrm/go-api-bootstrap/internal/user/domain/user/user.go:39.2,40.16 2 2
github.com/rubemlrm/go-api-bootstrap/internal/user/domain/user/user.go:40.16,42.3 1 1
github.com/rubemlrm/go-api-bootstrap/internal/user/domain/user/user.go:43.2,43.12 1 1
github.com/rubemlrm/go-api-bootstrap/internal/user/domain/user/user.go:46.50,48.2 1 0
github.com/rubemlrm/go-api-bootstrap/internal/user/domain/user/user.go:57.50,59.2 1 1
github.com/rubemlrm/go-api-bootstrap/internal/user/ports/http.go:26.81,31.2 1 9
github.com/rubemlrm/go-api-bootstrap/internal/user/ports/http.go:33.45,45.46 8 3
github.com/rubemlrm/go-api-bootstrap/internal/user/ports/http.go:45.46,49.3 3 1
github.com/rubemlrm/go-api-bootstrap/internal/user/ports/http.go:51.2,52.16 2 2
github.com/rubemlrm/go-api-bootstrap/internal/user/ports/http.go:52.16,56.3 3 1
github.com/rubemlrm/go-api-bootstrap/internal/user/ports/http.go:58.2,58.45 1 1
github.com/rubemlrm/go-api-bootstrap/internal/user/ports/http.go:61.47,65.16 4 3
github.com/rubemlrm/go-api-bootstrap/internal/user/ports/http.go:65.16,69.3 3 1
github.com/rubemlrm/go-api-bootstrap/internal/user/ports/http.go:70.2,70.43 1 2
github.com/rubemlrm/go-api-bootstrap/internal/user/ports/http.go:73.57,77.16 4 3
github.com/rubemlrm/go-api-bootstrap/internal/user/ports/http.go:77.16,81.3 3 1
github.com/rubemlrm/go-api-bootstrap/internal/user/ports/http.go:83.2,83.16 1 2
github.com/rubemlrm/go-api-bootstrap/internal/user/ports/http.go:83.16,87.3 3 1
github.com/rubemlrm/go-api-bootstrap/internal/user/ports/http.go:88.2,88.43 1 1
github.com/rubemlrm/go-api-bootstrap/internal/user/ports/openapi_api.gen.go:37.62,41.52 2 0
github.com/rubemlrm/go-api-bootstrap/internal/user/ports/openapi_api.gen.go:41.52,43.20 2 0
github.com/rubemlrm/go-api-bootstrap/internal/user/ports/openapi_api.gen.go:43.20,45.4 1 0
github.com/rubemlrm/go-api-bootstrap/internal/user/ports/openapi_api.gen.go:48.2,48.26 1 0
github.com/rubemlrm/go-api-bootstrap/internal/user/ports/openapi_api.gen.go:52.60,56.52 2 0
github.com/rubemlrm/go-api-bootstrap/internal/user/ports/openapi_api.gen.go:56.52,58.20 2 0
github.com/rubemlrm/go-api-bootstrap/internal/user/ports/openapi_api.gen.go:58.20,60.4 1 0
github.com/rubemlrm/go-api-bootstrap/internal/user/ports/openapi_api.gen.go:63.2,63.24 1 0
github.com/rubemlrm/go-api-bootstrap/internal/user/ports/openapi_api.gen.go:67.60,75.16 4 0
github.com/rubemlrm/go-api-bootstrap/internal/user/ports/openapi_api.gen.go:75.16,78.3 2 0
github.com/rubemlrm/go-api-bootstrap/internal/user/ports/openapi_api.gen.go:80.2,82.52 2 0
github.com/rubemlrm/go-api-bootstrap/internal/user/ports/openapi_api.gen.go:82.52,84.20 2 0
github.com/rubemlrm/go-api-bootstrap/internal/user/ports/openapi_api.gen.go:84.20,86.4 1 0
github.com/rubemlrm/go-api-bootstrap/internal/user/ports/openapi_api.gen.go:89.2,89.32 1 0
github.com/rubemlrm/go-api-bootstrap/internal/user/ports/openapi_api.gen.go:100.63,102.2 1 0
github.com/rubemlrm/go-api-bootstrap/internal/user/ports/openapi_api.gen.go:105.100,107.25 2 0
github.com/rubemlrm/go-api-bootstrap/internal/user/ports/openapi_api.gen.go:107.25,108.66 1 0
github.com/rubemlrm/go-api-bootstrap/internal/user/ports/openapi_api.gen.go:108.66,110.4 1 0
github.com/rubemlrm/go-api-bootstrap/internal/user/ports/openapi_api.gen.go:113.2,121.63 4 0
github.com/rubemlrm/go-api-bootstrap/internal/common/api/api.go:23.94,25.16 2 4
github.com/rubemlrm/go-api-bootstrap/internal/common/api/api.go:25.16,27.3 1 2
github.com/rubemlrm/go-api-bootstrap/internal/common/api/api.go:28.2,28.20 1 2
github.com/rubemlrm/go-api-bootstrap/internal/common/api/api.go:31.32,40.12 4 2
github.com/rubemlrm/go-api-bootstrap/internal/common/api/api.go:40.12,42.3 1 2
github.com/rubemlrm/go-api-bootstrap/internal/common/api/api.go:45.2,48.12 3 2
github.com/rubemlrm/go-api-bootstrap/internal/common/api/api.go:48.12,50.3 1 2
github.com/rubemlrm/go-api-bootstrap/internal/common/api/api.go:52.2,54.12 2 2
github.com/rubemlrm/go-api-bootstrap/internal/common/api/api.go:57.104,60.16 2 4
github.com/rubemlrm/go-api-bootstrap/internal/common/api/api.go:60.16,62.3 1 1
github.com/rubemlrm/go-api-bootstrap/internal/common/api/api.go:64.2,66.16 2 3
github.com/rubemlrm/go-api-bootstrap/internal/common/api/api.go:66.16,68.3 1 1
github.com/rubemlrm/go-api-bootstrap/internal/common/api/api.go:70.2,77.29 3 2
github.com/rubemlrm/go-api-bootstrap/internal/common/api/api.go:80.41,81.60 1 2
github.com/rubemlrm/go-api-bootstrap/internal/common/api/api.go:81.60,83.3 1 1
github.com/rubemlrm/go-api-bootstrap/internal/common/api/api.go:84.2,84.12 1 1
github.com/rubemlrm/go-api-bootstrap/internal/common/api/api.go:87.40,90.40 3 2
github.com/rubemlrm/go-api-bootstrap/internal/common/api/api.go:90.40,92.3 1 0
github.com/rubemlrm/go-api-bootstrap/internal/common/api/api.go:93.2,93.12 1 2
github.com/rubemlrm/go-api-bootstrap/internal/user/adapters/user_repository.go:21.72,26.2 1 8
github.com/rubemlrm/go-api-bootstrap/internal/user/adapters/user_repository.go:28.90,32.16 4 2
github.com/rubemlrm/go-api-bootstrap/internal/user/adapters/user_repository.go:32.16,34.3 1 1
github.com/rubemlrm/go-api-bootstrap/internal/user/adapters/user_repository.go:35.2,35.25 1 1
github.com/rubemlrm/go-api-bootstrap/internal/user/adapters/user_repository.go:38.82,40.16 2 3
github.com/rubemlrm/go-api-bootstrap/internal/user/adapters/user_repository.go:40.16,42.3 1 1
github.com/rubemlrm/go-api-bootstrap/internal/user/adapters/user_repository.go:44.2,46.16 3 2
github.com/rubemlrm/go-api-bootstrap/internal/user/adapters/user_repository.go:46.16,48.3 1 0
github.com/rubemlrm/go-api-bootstrap/internal/user/adapters/user_repository.go:49.2,49.18 1 2
github.com/rubemlrm/go-api-bootstrap/internal/user/adapters/user_repository.go:49.18,51.3 1 1
github.com/rubemlrm/go-api-bootstrap/internal/user/adapters/user_repository.go:52.2,53.16 2 1
github.com/rubemlrm/go-api-bootstrap/internal/user/adapters/user_repository.go:53.16,55.3 1 0
github.com/rubemlrm/go-api-bootstrap/internal/user/adapters/user_repository.go:57.2,57.16 1 1
github.com/rubemlrm/go-api-bootstrap/internal/user/adapters/user_repository.go:60.72,62.16 2 3
github.com/rubemlrm/go-api-bootstrap/internal/user/adapters/user_repository.go:62.16,64.3 1 1
github.com/rubemlrm/go-api-bootstrap/internal/user/adapters/user_repository.go:66.2,68.16 3 2
github.com/rubemlrm/go-api-bootstrap/internal/user/adapters/user_repository.go:68.16,70.3 1 0
github.com/rubemlrm/go-api-bootstrap/internal/user/adapters/user_repository.go:71.2,71.29 1 2
github.com/rubemlrm/go-api-bootstrap/internal/user/adapters/user_repository.go:71.29,73.3 1 2
github.com/rubemlrm/go-api-bootstrap/internal/user/adapters/user_repository.go:75.2,75.18 1 2
github.com/rubemlrm/go-api-bootstrap/internal/user/adapters/user_repository.go:75.18,78.17 3 5
github.com/rubemlrm/go-api-bootstrap/internal/user/adapters/user_repository.go:78.17,80.4 1 0
github.com/rubemlrm/go-api-bootstrap/internal/user/adapters/user_repository.go:81.3,81.21 1 5
github.com/rubemlrm/go-api-bootstrap/internal/user/adapters/user_repository.go:83.2,83.17 1 2
github.com/rubemlrm/go-api-bootstrap/internal/common/redis/redis.go:15.52,18.28 2 6
github.com/rubemlrm/go-api-bootstrap/internal/common/redis/redis.go:18.28,20.17 2 7
github.com/rubemlrm/go-api-bootstrap/internal/common/redis/redis.go:20.17,22.4 1 3
github.com/rubemlrm/go-api-bootstrap/internal/common/redis/redis.go:25.2,29.16 3 3
github.com/rubemlrm/go-api-bootstrap/internal/common/redis/redis.go:29.16,31.3 1 0
github.com/rubemlrm/go-api-bootstrap/internal/common/redis/redis.go:32.2,32.31 1 3
github.com/rubemlrm/go-api-bootstrap/internal/common/redis/redis.go:35.49,36.35 1 2
github.com/rubemlrm/go-api-bootstrap/internal/common/redis/redis.go:36.35,37.21 1 2
github.com/rubemlrm/go-api-bootstrap/internal/common/redis/redis.go:37.21,39.4 1 1
github.com/rubemlrm/go-api-bootstrap/internal/common/redis/redis.go:40.3,41.13 2 1
github.com/rubemlrm/go-api-bootstrap/internal/common/redis/redis.go:45.38,46.35 1 5
github.com/rubemlrm/go-api-bootstrap/internal/common/redis/redis.go:46.35,47.20 1 5
github.com/rubemlrm/go-api-bootstrap/internal/common/redis/redis.go:47.20,49.4 1 1
github.com/rubemlrm/go-api-bootstrap/internal/common/redis/redis.go:50.3,51.17 2 4
github.com/rubemlrm/go-api-bootstrap/internal/common/redis/redis.go:51.17,53.4 1 1
github.com/rubemlrm/go-api-bootstrap/internal/common/redis/redis.go:54.3,55.13 2 3
