mode: atomic
github.com/rubemlrm/go-api-bootstrap/internal/user/domain/user/factories/seed.go:10.63,15.28 4 0
github.com/rubemlrm/go-api-bootstrap/internal/user/domain/user/factories/seed.go:15.28,18.3 2 0
github.com/rubemlrm/go-api-bootstrap/internal/user/domain/user/factories/seed.go:20.2,23.12 3 0
github.com/rubemlrm/go-api-bootstrap/internal/user/domain/user/factories/seed.go:26.45,29.30 3 0
github.com/rubemlrm/go-api-bootstrap/internal/user/domain/user/factories/seed.go:29.30,31.3 1 0
github.com/rubemlrm/go-api-bootstrap/internal/user/domain/user/factories/seed.go:33.2,33.11 1 0
github.com/rubemlrm/go-api-bootstrap/internal/user/domain/user/factories/user.go:11.49,19.2 1 0
github.com/rubemlrm/go-api-bootstrap/internal/user/domain/user/factories/user.go:21.61,27.2 1 0
github.com/rubemlrm/go-api-bootstrap/internal/user/domain/user/factories/user.go:29.68,34.2 1 0
github.com/rubemlrm/go-api-bootstrap/internal/user/main.go:19.13,21.16 2 0
github.com/rubemlrm/go-api-bootstrap/internal/user/main.go:21.16,23.3 1 0
github.com/rubemlrm/go-api-bootstrap/internal/user/main.go:24.2,24.15 1 0
github.com/rubemlrm/go-api-bootstrap/internal/user/main.go:24.15,25.59 1 0
github.com/rubemlrm/go-api-bootstrap/internal/user/main.go:25.59,27.4 1 0
github.com/rubemlrm/go-api-bootstrap/internal/user/main.go:29.2,31.16 2 0
github.com/rubemlrm/go-api-bootstrap/internal/user/main.go:31.16,32.13 1 0
github.com/rubemlrm/go-api-bootstrap/internal/user/main.go:37.2,43.16 5 0
github.com/rubemlrm/go-api-bootstrap/internal/user/main.go:43.16,44.13 1 0
github.com/rubemlrm/go-api-bootstrap/internal/user/main.go:48.87,50.32 2 0
github.com/rubemlrm/go-api-bootstrap/internal/user/main.go:50.32,55.3 2 0
github.com/rubemlrm/go-api-bootstrap/internal/user/main.go:56.2,58.16 2 0
github.com/rubemlrm/go-api-bootstrap/internal/user/main.go:58.16,60.3 1 0
github.com/rubemlrm/go-api-bootstrap/internal/user/main.go:62.2,63.16 2 0
github.com/rubemlrm/go-api-bootstrap/internal/user/main.go:63.16,65.3 1 0
github.com/rubemlrm/go-api-bootstrap/internal/user/main.go:66.2,66.12 1 0
github.com/rubemlrm/go-api-bootstrap/internal/user/main.go:69.97,78.2 4 0
